>>>>>>>>>>>>>>>> [['void', 'unsigned char*', 'long', 'ns3::empty', 'ns3::empty', 'ns3::empty', 'ns3::empty', 'ns3::empty', 'ns3::empty', 'ns3::empty'], ['bool', 'std::string', 'ns3::empty', 'ns3::empty', 'ns3::empty', 'ns3::empty', 'ns3::empty', 'ns3::empty', 'ns3::empty', 'ns3::empty']]
/home/jimmy/Documents/ns-allinone-3.13/ns-3.13/bindings/python/ns3modulegen_core_customizations.py:225: Warning: ***** Unable to register callback; parameter 'unsigned char* arg1' error (used in ns3::Callback< void, unsigned char*, long, ns3::empty, ns3::empty, ns3::empty, ns3::empty, ns3::empty, ns3::empty, ns3::empty >): TypeLookupError(['unsigned char *'],)
  Warning)
***** registering callback handler: 'ns3::Callback< bool, std::string, ns3::empty, ns3::empty, ns3::empty, ns3::empty, ns3::empty, ns3::empty, ns3::empty, ns3::empty >'
/home/jimmy/Documents/ns-allinone-3.13/ns-3.13/src/core/bindings/modulegen__gcc_LP64.py:9: UserWarning: exception TypeLookupError(['std::_List_const_iterator< ns3::AttributeConstructionList::Item >'],) in wrapper public: retval? ???::Begin (params?) const;
  warnings.warn("exception %r in wrapper %s" % (exception, wrapper))
/home/jimmy/Documents/ns-allinone-3.13/ns-3.13/src/core/bindings/modulegen__gcc_LP64.py:9: UserWarning: exception TypeLookupError(['std::_List_const_iterator< ns3::AttributeConstructionList::Item >'],) in wrapper public: retval? ???::End (params?) const;
  warnings.warn("exception %r in wrapper %s" % (exception, wrapper))
/home/jimmy/Documents/ns-allinone-3.13/ns-3.13/src/core/bindings/modulegen__gcc_LP64.py:9: UserWarning: exception TypeLookupError(['ns3::Ptr< ns3::EventImpl > &'],) in wrapper <pybindgen.cppmethod.CppConstructor object at 0x7f8af0377110>
  warnings.warn("exception %r in wrapper %s" % (exception, wrapper))
/home/jimmy/Documents/ns-allinone-3.13/ns-3.13/src/core/bindings/modulegen__gcc_LP64.py:9: UserWarning: exception TypeConfigurationError('Either caller_owns_return or self.reference_existing_object must be given',) in wrapper public: retval? ???::PeekEventImpl (params?) const;
  warnings.warn("exception %r in wrapper %s" % (exception, wrapper))
/home/jimmy/Documents/ns-allinone-3.13/ns-3.13/src/core/bindings/modulegen__gcc_LP64.py:9: UserWarning: exception TypeLookupError(['__gnu_cxx::__normal_iterator< ns3::GlobalValue * const *, std::vector< ns3::GlobalValue * > >'],) in wrapper public: retval? ???::Begin (params?);
  warnings.warn("exception %r in wrapper %s" % (exception, wrapper))
/home/jimmy/Documents/ns-allinone-3.13/ns-3.13/src/core/bindings/modulegen__gcc_LP64.py:9: UserWarning: exception TypeLookupError(['__gnu_cxx::__normal_iterator< ns3::GlobalValue * const *, std::vector< ns3::GlobalValue * > >'],) in wrapper public: retval? ???::End (params?);
  warnings.warn("exception %r in wrapper %s" % (exception, wrapper))
/home/jimmy/Documents/ns-allinone-3.13/ns-3.13/src/core/bindings/modulegen__gcc_LP64.py:9: UserWarning: exception TypeConfigurationError('Missing transfer_ownership option',) in wrapper public: retval? ???::Delete (params?);
  warnings.warn("exception %r in wrapper %s" % (exception, wrapper))
/home/jimmy/Documents/ns-allinone-3.13/ns-3.13/src/core/bindings/modulegen__gcc_LP64.py:9: UserWarning: exception TypeLookupError(['ns3::Callback< ns3::ObjectBase *, ns3::empty, ns3::empty, ns3::empty, ns3::empty, ns3::empty, ns3::empty, ns3::empty, ns3::empty, ns3::empty >'],) in wrapper public: retval? ???::GetConstructor (params?) const;
  warnings.warn("exception %r in wrapper %s" % (exception, wrapper))
/home/jimmy/Documents/ns-allinone-3.13/ns-3.13/src/core/bindings/modulegen__gcc_LP64.py:9: UserWarning: exception TypeConfigurationError('Missing transfer_ownership option',) in wrapper public: retval? ???::LookupAttributeByName (params?) const;
  warnings.warn("exception %r in wrapper %s" % (exception, wrapper))
/home/jimmy/Documents/ns-allinone-3.13/ns-3.13/src/core/bindings/modulegen__gcc_LP64.py:9: UserWarning: exception TypeLookupError(['short unsigned int'],) in wrapper None
  warnings.warn("exception %r in wrapper %s" % (exception, wrapper))
/home/jimmy/Documents/ns-allinone-3.13/ns-3.13/src/core/bindings/modulegen__gcc_LP64.py:9: UserWarning: exception TypeLookupError(['std::pair< double, double >'],) in wrapper <pybindgen.cppmethod.CppConstructor object at 0x7f8af0059cd0>
  warnings.warn("exception %r in wrapper %s" % (exception, wrapper))
/home/jimmy/Documents/ns-allinone-3.13/ns-3.13/src/core/bindings/modulegen__gcc_LP64.py:9: UserWarning: exception TypeLookupError(['std::pair< double, double >'],) in wrapper <pybindgen.cppmethod.CppConstructor object at 0x7f8af0059d10>
  warnings.warn("exception %r in wrapper %s" % (exception, wrapper))
/home/jimmy/Documents/ns-allinone-3.13/ns-3.13/src/core/bindings/modulegen__gcc_LP64.py:9: UserWarning: exception TypeConfigurationError('Either caller_owns_return or self.reference_existing_object must be given',) in wrapper None
  warnings.warn("exception %r in wrapper %s" % (exception, wrapper))
/home/jimmy/Documents/ns-allinone-3.13/ns-3.13/src/core/bindings/modulegen__gcc_LP64.py:9: UserWarning: exception TypeConfigurationError('Missing transfer_ownership option',) in wrapper public: virtual retval? ???::Schedule (params?) = 0;
  warnings.warn("exception %r in wrapper %s" % (exception, wrapper))
/home/jimmy/Documents/ns-allinone-3.13/ns-3.13/src/core/bindings/modulegen__gcc_LP64.py:9: UserWarning: exception TypeConfigurationError('Missing transfer_ownership option',) in wrapper public: virtual retval? ???::ScheduleDestroy (params?) = 0;
  warnings.warn("exception %r in wrapper %s" % (exception, wrapper))
/home/jimmy/Documents/ns-allinone-3.13/ns-3.13/src/core/bindings/modulegen__gcc_LP64.py:9: UserWarning: exception TypeConfigurationError('Missing transfer_ownership option',) in wrapper public: virtual retval? ???::ScheduleNow (params?) = 0;
  warnings.warn("exception %r in wrapper %s" % (exception, wrapper))
/home/jimmy/Documents/ns-allinone-3.13/ns-3.13/src/core/bindings/modulegen__gcc_LP64.py:9: UserWarning: exception TypeConfigurationError('Missing transfer_ownership option',) in wrapper public: virtual retval? ???::ScheduleWithContext (params?) = 0;
  warnings.warn("exception %r in wrapper %s" % (exception, wrapper))
/home/jimmy/Documents/ns-allinone-3.13/ns-3.13/src/core/bindings/modulegen__gcc_LP64.py:9: UserWarning: exception TypeLookupError(['ns3::Callback< void, ns3::empty, ns3::empty, ns3::empty, ns3::empty, ns3::empty, ns3::empty, ns3::empty, ns3::empty, ns3::empty >'],) in wrapper <pybindgen.cppmethod.CppConstructor object at 0x7f8aeff5d210>
  warnings.warn("exception %r in wrapper %s" % (exception, wrapper))
/home/jimmy/Documents/ns-allinone-3.13/ns-3.13/src/core/bindings/modulegen__gcc_LP64.py:9: UserWarning: exception TypeLookupError(['timeval *'],) in wrapper protected: retval? ???::NsToTimeval (params?);
  warnings.warn("exception %r in wrapper %s" % (exception, wrapper))
/home/jimmy/Documents/ns-allinone-3.13/ns-3.13/src/core/bindings/modulegen__gcc_LP64.py:9: UserWarning: exception TypeLookupError(['timeval *'],) in wrapper protected: retval? ???::TimevalAdd (params?);
  warnings.warn("exception %r in wrapper %s" % (exception, wrapper))
/home/jimmy/Documents/ns-allinone-3.13/ns-3.13/src/core/bindings/modulegen__gcc_LP64.py:9: UserWarning: exception TypeLookupError(['timeval *'],) in wrapper protected: retval? ???::TimevalToNs (params?);
  warnings.warn("exception %r in wrapper %s" % (exception, wrapper))
/home/jimmy/Documents/ns-allinone-3.13/ns-3.13/src/core/bindings/modulegen__gcc_LP64.py:9: UserWarning: exception TypeConfigurationError('Missing transfer_ownership option',) in wrapper public: virtual retval? ???::Schedule (params?);
  warnings.warn("exception %r in wrapper %s" % (exception, wrapper))
/home/jimmy/Documents/ns-allinone-3.13/ns-3.13/src/core/bindings/modulegen__gcc_LP64.py:9: UserWarning: exception TypeConfigurationError('Missing transfer_ownership option',) in wrapper public: virtual retval? ???::ScheduleDestroy (params?);
  warnings.warn("exception %r in wrapper %s" % (exception, wrapper))
/home/jimmy/Documents/ns-allinone-3.13/ns-3.13/src/core/bindings/modulegen__gcc_LP64.py:9: UserWarning: exception TypeConfigurationError('Missing transfer_ownership option',) in wrapper public: virtual retval? ???::ScheduleNow (params?);
  warnings.warn("exception %r in wrapper %s" % (exception, wrapper))
/home/jimmy/Documents/ns-allinone-3.13/ns-3.13/src/core/bindings/modulegen__gcc_LP64.py:9: UserWarning: exception TypeConfigurationError('Missing transfer_ownership option',) in wrapper public: virtual retval? ???::ScheduleWithContext (params?);
  warnings.warn("exception %r in wrapper %s" % (exception, wrapper))
/home/jimmy/Documents/ns-allinone-3.13/ns-3.13/src/core/bindings/modulegen__gcc_LP64.py:9: UserWarning: exception TypeLookupError(['ns3::Callback< void, unsigned char *, long, ns3::empty, ns3::empty, ns3::empty, ns3::empty, ns3::empty, ns3::empty, ns3::empty >'],) in wrapper public: retval? ???::Start (params?);
  warnings.warn("exception %r in wrapper %s" % (exception, wrapper))
/home/jimmy/Documents/ns-allinone-3.13/ns-3.13/src/core/bindings/modulegen__gcc_LP64.py:9: UserWarning: exception TypeLookupError(['ns3::FdReader::Data'],) in wrapper protected: virtual retval? ???::DoRead (params?) = 0;
  warnings.warn("exception %r in wrapper %s" % (exception, wrapper))
/home/jimmy/Documents/ns-allinone-3.13/ns-3.13/src/core/bindings/modulegen__gcc_LP64.py:9: UserWarning: exception TypeConfigurationError('Missing transfer_ownership option',) in wrapper public: virtual retval? ???::Set (params?) const;
  warnings.warn("exception %r in wrapper %s" % (exception, wrapper))
/home/jimmy/Documents/ns-allinone-3.13/ns-3.13/src/core/bindings/modulegen__gcc_LP64.py:9: UserWarning: exception TypeLookupError(['__gnu_cxx::__normal_iterator< ns3::Ptr< ns3::Object > const, std::vector< ns3::Ptr< ns3::Object > > >'],) in wrapper public: retval? ???::Begin (params?) const;
  warnings.warn("exception %r in wrapper %s" % (exception, wrapper))
/home/jimmy/Documents/ns-allinone-3.13/ns-3.13/src/core/bindings/modulegen__gcc_LP64.py:9: UserWarning: exception TypeLookupError(['__gnu_cxx::__normal_iterator< ns3::Ptr< ns3::Object > const, std::vector< ns3::Ptr< ns3::Object > > >'],) in wrapper public: retval? ???::End (params?) const;
  warnings.warn("exception %r in wrapper %s" % (exception, wrapper))
/home/jimmy/Documents/ns-allinone-3.13/ns-3.13/src/core/bindings/modulegen__gcc_LP64.py:9: UserWarning: exception TypeConfigurationError('Missing transfer_ownership option',) in wrapper public: retval? ???::ScheduleRealtime (params?);
  warnings.warn("exception %r in wrapper %s" % (exception, wrapper))
/home/jimmy/Documents/ns-allinone-3.13/ns-3.13/src/core/bindings/modulegen__gcc_LP64.py:9: UserWarning: exception TypeConfigurationError('Missing transfer_ownership option',) in wrapper public: retval? ???::ScheduleRealtimeNow (params?);
  warnings.warn("exception %r in wrapper %s" % (exception, wrapper))
/home/jimmy/Documents/ns-allinone-3.13/ns-3.13/src/core/bindings/modulegen__gcc_LP64.py:9: UserWarning: exception TypeConfigurationError('Missing transfer_ownership option',) in wrapper public: retval? ???::ScheduleRealtimeNowWithContext (params?);
  warnings.warn("exception %r in wrapper %s" % (exception, wrapper))
/home/jimmy/Documents/ns-allinone-3.13/ns-3.13/src/core/bindings/modulegen__gcc_LP64.py:9: UserWarning: exception TypeConfigurationError('Missing transfer_ownership option',) in wrapper public: retval? ???::ScheduleRealtimeWithContext (params?);
  warnings.warn("exception %r in wrapper %s" % (exception, wrapper))
/home/jimmy/Documents/ns-allinone-3.13/ns-3.13/src/core/bindings/modulegen__gcc_LP64.py:9: UserWarning: exception TypeLookupError(['ns3::LogNodePrinter'],) in wrapper <pybindgen.function.Function object at 0x7f8aefac6150>
  warnings.warn("exception %r in wrapper %s" % (exception, wrapper))
/home/jimmy/Documents/ns-allinone-3.13/ns-3.13/src/core/bindings/modulegen__gcc_LP64.py:9: UserWarning: exception TypeLookupError(['ns3::LogTimePrinter'],) in wrapper <pybindgen.function.Function object at 0x7f8aefac6210>
  warnings.warn("exception %r in wrapper %s" % (exception, wrapper))
/home/jimmy/Documents/ns-allinone-3.13/ns-3.13/src/core/bindings/modulegen__gcc_LP64.py:9: UserWarning: exception TypeLookupError(['ns3::LogNodePrinter'],) in wrapper <pybindgen.function.Function object at 0x7f8aefac62d0>
  warnings.warn("exception %r in wrapper %s" % (exception, wrapper))
/home/jimmy/Documents/ns-allinone-3.13/ns-3.13/src/core/bindings/modulegen__gcc_LP64.py:9: UserWarning: exception TypeLookupError(['ns3::LogTimePrinter'],) in wrapper <pybindgen.function.Function object at 0x7f8aefac6450>
  warnings.warn("exception %r in wrapper %s" % (exception, wrapper))
/home/jimmy/Documents/ns-allinone-3.13/ns-3.13/src/core/bindings/modulegen__gcc_LP64.py:9: UserWarning: exception TypeConfigurationError('Either caller_owns_return or self.reference_existing_object must be given',) in wrapper <pybindgen.function.Function object at 0x7f8aefadff90>
  warnings.warn("exception %r in wrapper %s" % (exception, wrapper))
/home/jimmy/Documents/ns-allinone-3.13/ns-3.13/src/core/bindings/modulegen__gcc_LP64.py:9: UserWarning: exception TypeConfigurationError('Missing transfer_ownership option',) in wrapper <pybindgen.function.Function object at 0x7f8aefa695d0>
  warnings.warn("exception %r in wrapper %s" % (exception, wrapper))
/home/jimmy/Documents/ns-allinone-3.13/ns-3.13/src/core/bindings/modulegen__gcc_LP64.py:9: UserWarning: exception TypeConfigurationError('Missing transfer_ownership option',) in wrapper <pybindgen.function.Function object at 0x7f8aefa69750>
  warnings.warn("exception %r in wrapper %s" % (exception, wrapper))
/home/jimmy/Documents/ns-allinone-3.13/ns-3.13/src/core/bindings/modulegen__gcc_LP64.py:9: UserWarning: exception TypeLookupError(['std::_List_const_iterator< std::basic_string< char, std::char_traits< char >, std::allocator< char > > >'],) in wrapper <pybindgen.function.Function object at 0x7f8aef9f4590>
  warnings.warn("exception %r in wrapper %s" % (exception, wrapper))
/home/jimmy/Documents/ns-allinone-3.13/pybindgen-0.15.0.795/pybindgen/cppclass_typehandlers.py:1134: UserWarning: Returning shared pointers is dangerous!  The C++ API should be redesigned to avoid this situation.
  warnings.warn("Returning shared pointers is dangerous!"
/home/jimmy/Documents/ns-allinone-3.13/ns-3.13/src/core/bindings/modulegen__gcc_LP64.py:9: UserWarning: exception CodeGenerationError('ns3::ObjectBase cannot be constructed (class has pure virtual methods)',) in wrapper <pybindgen.CppClass 'ns3::ObjectBase'>
  warnings.warn("exception %r in wrapper %s" % (exception, wrapper))
/home/jimmy/Documents/ns-allinone-3.13/ns-3.13/src/core/bindings/modulegen__gcc_LP64.py:9: UserWarning: exception CodeGenerationError('ns3::SimpleRefCount< ns3::Object, ns3::ObjectBase, ns3::ObjectDeleter > cannot be constructed (have pure virtual methods but no helper class)',) in wrapper <pybindgen.CppClass 'ns3::SimpleRefCount< ns3::Object, ns3::ObjectBase, ns3::ObjectDeleter >'>
  warnings.warn("exception %r in wrapper %s" % (exception, wrapper))
/home/jimmy/Documents/ns-allinone-3.13/ns-3.13/src/core/bindings/modulegen__gcc_LP64.py:9: UserWarning: exception CodeGenerationError('ns3::TimerImpl cannot be constructed (class has pure virtual methods)',) in wrapper <pybindgen.CppClass 'ns3::TimerImpl'>
  warnings.warn("exception %r in wrapper %s" % (exception, wrapper))
/home/jimmy/Documents/ns-allinone-3.13/ns-3.13/src/core/bindings/modulegen__gcc_LP64.py:9: UserWarning: exception CodeGenerationError('ns3::Scheduler cannot be constructed (class has pure virtual methods)',) in wrapper <pybindgen.CppClass 'ns3::Scheduler'>
  warnings.warn("exception %r in wrapper %s" % (exception, wrapper))
/home/jimmy/Documents/ns-allinone-3.13/ns-3.13/src/core/bindings/modulegen__gcc_LP64.py:9: UserWarning: exception CodeGenerationError('ns3::SimulatorImpl cannot be constructed (have pure virtual methods but no helper class)',) in wrapper <pybindgen.CppClass 'ns3::SimulatorImpl'>
  warnings.warn("exception %r in wrapper %s" % (exception, wrapper))
/home/jimmy/Documents/ns-allinone-3.13/ns-3.13/src/core/bindings/modulegen__gcc_LP64.py:9: UserWarning: exception CodeGenerationError('ns3::Synchronizer cannot be constructed (class has pure virtual methods)',) in wrapper <pybindgen.CppClass 'ns3::Synchronizer'>
  warnings.warn("exception %r in wrapper %s" % (exception, wrapper))
/home/jimmy/Documents/ns-allinone-3.13/ns-3.13/src/core/bindings/modulegen__gcc_LP64.py:9: UserWarning: exception CodeGenerationError('ns3::TraceSourceAccessor cannot be constructed (have pure virtual methods but no helper class)',) in wrapper <pybindgen.CppClass 'ns3::TraceSourceAccessor'>
  warnings.warn("exception %r in wrapper %s" % (exception, wrapper))
/home/jimmy/Documents/ns-allinone-3.13/ns-3.13/src/core/bindings/modulegen__gcc_LP64.py:9: UserWarning: exception CodeGenerationError('ns3::AttributeAccessor cannot be constructed (have pure virtual methods but no helper class)',) in wrapper <pybindgen.CppClass 'ns3::AttributeAccessor'>
  warnings.warn("exception %r in wrapper %s" % (exception, wrapper))
/home/jimmy/Documents/ns-allinone-3.13/ns-3.13/src/core/bindings/modulegen__gcc_LP64.py:9: UserWarning: exception CodeGenerationError('ns3::AttributeChecker cannot be constructed (have pure virtual methods but no helper class)',) in wrapper <pybindgen.CppClass 'ns3::AttributeChecker'>
  warnings.warn("exception %r in wrapper %s" % (exception, wrapper))
/home/jimmy/Documents/ns-allinone-3.13/ns-3.13/src/core/bindings/modulegen__gcc_LP64.py:9: UserWarning: exception CodeGenerationError('ns3::AttributeValue cannot be constructed (have pure virtual methods but no helper class)',) in wrapper <pybindgen.CppClass 'ns3::AttributeValue'>
  warnings.warn("exception %r in wrapper %s" % (exception, wrapper))
/home/jimmy/Documents/ns-allinone-3.13/ns-3.13/src/core/bindings/modulegen__gcc_LP64.py:9: UserWarning: exception CodeGenerationError('ns3::BooleanChecker cannot be constructed (have pure virtual methods but no helper class)',) in wrapper <pybindgen.CppClass 'ns3::BooleanChecker'>
  warnings.warn("exception %r in wrapper %s" % (exception, wrapper))
/home/jimmy/Documents/ns-allinone-3.13/ns-3.13/src/core/bindings/modulegen__gcc_LP64.py:9: UserWarning: exception CodeGenerationError('ns3::CallbackChecker cannot be constructed (have pure virtual methods but no helper class)',) in wrapper <pybindgen.CppClass 'ns3::CallbackChecker'>
  warnings.warn("exception %r in wrapper %s" % (exception, wrapper))
/home/jimmy/Documents/ns-allinone-3.13/ns-3.13/src/core/bindings/modulegen__gcc_LP64.py:9: UserWarning: exception CodeGenerationError('ns3::CallbackImplBase cannot be constructed (have pure virtual methods but no helper class)',) in wrapper <pybindgen.CppClass 'ns3::CallbackImplBase'>
  warnings.warn("exception %r in wrapper %s" % (exception, wrapper))
/home/jimmy/Documents/ns-allinone-3.13/ns-3.13/src/core/bindings/modulegen__gcc_LP64.py:9: UserWarning: exception CodeGenerationError('ns3::EventImpl cannot be constructed (have pure virtual methods but no helper class)',) in wrapper <pybindgen.CppClass 'ns3::EventImpl'>
  warnings.warn("exception %r in wrapper %s" % (exception, wrapper))
/home/jimmy/Documents/ns-allinone-3.13/ns-3.13/src/core/bindings/modulegen__gcc_LP64.py:9: UserWarning: exception CodeGenerationError('ns3::FdReader cannot be constructed (have pure virtual methods but no helper class)',) in wrapper <pybindgen.CppClass 'ns3::FdReader'>
  warnings.warn("exception %r in wrapper %s" % (exception, wrapper))
/home/jimmy/Documents/ns-allinone-3.13/ns-3.13/src/core/bindings/modulegen__gcc_LP64.py:9: UserWarning: exception CodeGenerationError('ns3::ObjectFactoryChecker cannot be constructed (have pure virtual methods but no helper class)',) in wrapper <pybindgen.CppClass 'ns3::ObjectFactoryChecker'>
  warnings.warn("exception %r in wrapper %s" % (exception, wrapper))
/home/jimmy/Documents/ns-allinone-3.13/ns-3.13/src/core/bindings/modulegen__gcc_LP64.py:9: UserWarning: exception CodeGenerationError('ns3::ObjectPtrContainerAccessor cannot be constructed (have pure virtual methods but no helper class)',) in wrapper <pybindgen.CppClass 'ns3::ObjectPtrContainerAccessor'>
  warnings.warn("exception %r in wrapper %s" % (exception, wrapper))
/home/jimmy/Documents/ns-allinone-3.13/ns-3.13/src/core/bindings/modulegen__gcc_LP64.py:9: UserWarning: exception CodeGenerationError('ns3::ObjectPtrContainerChecker cannot be constructed (have pure virtual methods but no helper class)',) in wrapper <pybindgen.CppClass 'ns3::ObjectPtrContainerChecker'>
  warnings.warn("exception %r in wrapper %s" % (exception, wrapper))
/home/jimmy/Documents/ns-allinone-3.13/ns-3.13/src/core/bindings/modulegen__gcc_LP64.py:9: UserWarning: exception CodeGenerationError('ns3::PointerChecker cannot be constructed (have pure virtual methods but no helper class)',) in wrapper <pybindgen.CppClass 'ns3::PointerChecker'>
  warnings.warn("exception %r in wrapper %s" % (exception, wrapper))
/home/jimmy/Documents/ns-allinone-3.13/ns-3.13/src/core/bindings/modulegen__gcc_LP64.py:9: UserWarning: exception CodeGenerationError('ns3::RandomVariableChecker cannot be constructed (have pure virtual methods but no helper class)',) in wrapper <pybindgen.CppClass 'ns3::RandomVariableChecker'>
  warnings.warn("exception %r in wrapper %s" % (exception, wrapper))
/home/jimmy/Documents/ns-allinone-3.13/ns-3.13/src/core/bindings/modulegen__gcc_LP64.py:9: UserWarning: exception CodeGenerationError('ns3::StringChecker cannot be constructed (have pure virtual methods but no helper class)',) in wrapper <pybindgen.CppClass 'ns3::StringChecker'>
  warnings.warn("exception %r in wrapper %s" % (exception, wrapper))
/home/jimmy/Documents/ns-allinone-3.13/ns-3.13/src/core/bindings/modulegen__gcc_LP64.py:9: UserWarning: exception CodeGenerationError('ns3::TimeChecker cannot be constructed (have pure virtual methods but no helper class)',) in wrapper <pybindgen.CppClass 'ns3::TimeChecker'>
  warnings.warn("exception %r in wrapper %s" % (exception, wrapper))
/home/jimmy/Documents/ns-allinone-3.13/ns-3.13/src/core/bindings/modulegen__gcc_LP64.py:9: UserWarning: exception CodeGenerationError('ns3::TypeIdChecker cannot be constructed (have pure virtual methods but no helper class)',) in wrapper <pybindgen.CppClass 'ns3::TypeIdChecker'>
  warnings.warn("exception %r in wrapper %s" % (exception, wrapper))
/home/jimmy/Documents/ns-allinone-3.13/ns-3.13/src/core/bindings/modulegen__gcc_LP64.py:9: UserWarning: exception CodeGenerationError('ns3::Vector2DChecker cannot be constructed (have pure virtual methods but no helper class)',) in wrapper <pybindgen.CppClass 'ns3::Vector2DChecker'>
  warnings.warn("exception %r in wrapper %s" % (exception, wrapper))
/home/jimmy/Documents/ns-allinone-3.13/ns-3.13/src/core/bindings/modulegen__gcc_LP64.py:9: UserWarning: exception CodeGenerationError('ns3::Vector3DChecker cannot be constructed (have pure virtual methods but no helper class)',) in wrapper <pybindgen.CppClass 'ns3::Vector3DChecker'>
  warnings.warn("exception %r in wrapper %s" % (exception, wrapper))
