>>>>>>>>>>>>>>>> [['bool', 'ns3::Ptr<ns3::NetDevice>', 'ns3::Ptr<ns3::Packet const>', 'unsigned short', 'ns3::Address const&', 'ns3::Address const&', 'ns3::NetDevice::PacketType', 'ns3::empty', 'ns3::empty', 'ns3::empty'], ['bool', 'ns3::Ptr<ns3::NetDevice>', 'ns3::Ptr<ns3::Packet const>', 'unsigned short', 'ns3::Address const&', 'ns3::empty', 'ns3::empty', 'ns3::empty', 'ns3::empty', 'ns3::empty'], ['void', 'ns3::Ptr<ns3::Socket>', 'ns3::empty', 'ns3::empty', 'ns3::empty', 'ns3::empty', 'ns3::empty', 'ns3::empty', 'ns3::empty', 'ns3::empty'], ['void', 'ns3::Ptr<ns3::Socket>', 'unsigned int', 'ns3::empty', 'ns3::empty', 'ns3::empty', 'ns3::empty', 'ns3::empty', 'ns3::empty', 'ns3::empty'], ['void', 'ns3::Ptr<ns3::Socket>', 'ns3::Address const&', 'ns3::empty', 'ns3::empty', 'ns3::empty', 'ns3::empty', 'ns3::empty', 'ns3::empty', 'ns3::empty'], ['bool', 'ns3::Ptr<ns3::Socket>', 'ns3::Address const&', 'ns3::empty', 'ns3::empty', 'ns3::empty', 'ns3::empty', 'ns3::empty', 'ns3::empty', 'ns3::empty'], ['void', 'ns3::Ptr<ns3::NetDevice>', 'ns3::Ptr<ns3::Packet const>', 'unsigned short', 'ns3::Address const&', 'ns3::Address const&', 'ns3::NetDevice::PacketType', 'ns3::empty', 'ns3::empty', 'ns3::empty']]
***** registering callback handler: 'ns3::Callback< bool, ns3::Ptr< ns3::NetDevice >, ns3::Ptr< ns3::Packet const >, unsigned short, ns3::Address const &, ns3::Address const &, ns3::NetDevice::PacketType, ns3::empty, ns3::empty, ns3::empty >'
***** registering callback handler: 'ns3::Callback< bool, ns3::Ptr< ns3::NetDevice >, ns3::Ptr< ns3::Packet const >, unsigned short, ns3::Address const &, ns3::empty, ns3::empty, ns3::empty, ns3::empty, ns3::empty >'
***** registering callback handler: 'ns3::Callback< void, ns3::Ptr< ns3::Socket >, ns3::empty, ns3::empty, ns3::empty, ns3::empty, ns3::empty, ns3::empty, ns3::empty, ns3::empty >'
***** registering callback handler: 'ns3::Callback< void, ns3::Ptr< ns3::Socket >, unsigned int, ns3::empty, ns3::empty, ns3::empty, ns3::empty, ns3::empty, ns3::empty, ns3::empty >'
***** registering callback handler: 'ns3::Callback< void, ns3::Ptr< ns3::Socket >, ns3::Address const &, ns3::empty, ns3::empty, ns3::empty, ns3::empty, ns3::empty, ns3::empty, ns3::empty >'
***** registering callback handler: 'ns3::Callback< bool, ns3::Ptr< ns3::Socket >, ns3::Address const &, ns3::empty, ns3::empty, ns3::empty, ns3::empty, ns3::empty, ns3::empty, ns3::empty >'
***** registering callback handler: 'ns3::Callback< void, ns3::Ptr< ns3::NetDevice >, ns3::Ptr< ns3::Packet const >, unsigned short, ns3::Address const &, ns3::Address const &, ns3::NetDevice::PacketType, ns3::empty, ns3::empty, ns3::empty >'
/home/jimmy/Documents/ns-allinone-3.13/ns-3.13/src/network/bindings/modulegen__gcc_LP64.py:9: UserWarning: exception TypeConfigurationError('direction not given',) in wrapper <pybindgen.cppmethod.CppConstructor object at 0x7f88a9d1ea90>
  warnings.warn("exception %r in wrapper %s" % (exception, wrapper))
/home/jimmy/Documents/ns-allinone-3.13/ns-3.13/src/network/bindings/modulegen__gcc_LP64.py:9: UserWarning: exception TypeConfigurationError('direction not given',) in wrapper public: retval? ???::CopyAllFrom (params?);
  warnings.warn("exception %r in wrapper %s" % (exception, wrapper))
/home/jimmy/Documents/ns-allinone-3.13/ns-3.13/src/network/bindings/modulegen__gcc_LP64.py:9: UserWarning: exception TypeConfigurationError('direction not given',) in wrapper public: retval? ???::CopyAllTo (params?) const;
  warnings.warn("exception %r in wrapper %s" % (exception, wrapper))
/home/jimmy/Documents/ns-allinone-3.13/ns-3.13/src/network/bindings/modulegen__gcc_LP64.py:9: UserWarning: exception TypeConfigurationError('direction not given',) in wrapper public: retval? ???::CopyFrom (params?);
  warnings.warn("exception %r in wrapper %s" % (exception, wrapper))
/home/jimmy/Documents/ns-allinone-3.13/ns-3.13/src/network/bindings/modulegen__gcc_LP64.py:9: UserWarning: exception TypeConfigurationError('direction not given',) in wrapper public: retval? ???::CopyTo (params?) const;
  warnings.warn("exception %r in wrapper %s" % (exception, wrapper))
/home/jimmy/Documents/ns-allinone-3.13/ns-3.13/src/network/bindings/modulegen__gcc_LP64.py:9: UserWarning: exception TypeLookupError(['__gnu_cxx::__normal_iterator< ns3::Ptr< ns3::Application > const, std::vector< ns3::Ptr< ns3::Application > > >'],) in wrapper public: retval? ???::Begin (params?) const;
  warnings.warn("exception %r in wrapper %s" % (exception, wrapper))
/home/jimmy/Documents/ns-allinone-3.13/ns-3.13/src/network/bindings/modulegen__gcc_LP64.py:9: UserWarning: exception TypeLookupError(['__gnu_cxx::__normal_iterator< ns3::Ptr< ns3::Application > const, std::vector< ns3::Ptr< ns3::Application > > >'],) in wrapper public: retval? ???::End (params?) const;
  warnings.warn("exception %r in wrapper %s" % (exception, wrapper))
/home/jimmy/Documents/ns-allinone-3.13/ns-3.13/src/network/bindings/modulegen__gcc_LP64.py:9: UserWarning: exception TypeLookupError(['std::_List_const_iterator< ns3::AttributeConstructionList::Item >'],) in wrapper public: retval? ???::Begin (params?) const;
  warnings.warn("exception %r in wrapper %s" % (exception, wrapper))
/home/jimmy/Documents/ns-allinone-3.13/ns-3.13/src/network/bindings/modulegen__gcc_LP64.py:9: UserWarning: exception TypeLookupError(['std::_List_const_iterator< ns3::AttributeConstructionList::Item >'],) in wrapper public: retval? ???::End (params?) const;
  warnings.warn("exception %r in wrapper %s" % (exception, wrapper))
/home/jimmy/Documents/ns-allinone-3.13/ns-3.13/src/network/bindings/modulegen__gcc_LP64.py:9: UserWarning: exception TypeLookupError(['std::ostream *'],) in wrapper public: retval? ???::CopyData (params?) const;
  warnings.warn("exception %r in wrapper %s" % (exception, wrapper))
/home/jimmy/Documents/ns-allinone-3.13/ns-3.13/src/network/bindings/modulegen__gcc_LP64.py:9: UserWarning: exception TypeConfigurationError('direction not given',) in wrapper public: retval? ???::CopyData (params?) const;
  warnings.warn("exception %r in wrapper %s" % (exception, wrapper))
/home/jimmy/Documents/ns-allinone-3.13/ns-3.13/src/network/bindings/modulegen__gcc_LP64.py:9: UserWarning: exception TypeConfigurationError('direction not given',) in wrapper public: retval? ???::Deserialize (params?);
  warnings.warn("exception %r in wrapper %s" % (exception, wrapper))
/home/jimmy/Documents/ns-allinone-3.13/ns-3.13/src/network/bindings/modulegen__gcc_LP64.py:9: UserWarning: exception TypeLookupError(['uint8_t *'],) in wrapper public: retval? ???::PeekData (params?) const;
  warnings.warn("exception %r in wrapper %s" % (exception, wrapper))
/home/jimmy/Documents/ns-allinone-3.13/ns-3.13/src/network/bindings/modulegen__gcc_LP64.py:9: UserWarning: exception TypeConfigurationError('direction not given',) in wrapper public: retval? ???::Serialize (params?) const;
  warnings.warn("exception %r in wrapper %s" % (exception, wrapper))
/home/jimmy/Documents/ns-allinone-3.13/ns-3.13/src/network/bindings/modulegen__gcc_LP64.py:9: UserWarning: exception TypeConfigurationError('direction not given',) in wrapper public: retval? ???::Read (params?);
  warnings.warn("exception %r in wrapper %s" % (exception, wrapper))
/home/jimmy/Documents/ns-allinone-3.13/ns-3.13/src/network/bindings/modulegen__gcc_LP64.py:9: UserWarning: exception TypeConfigurationError('direction not given',) in wrapper public: retval? ???::Write (params?);
  warnings.warn("exception %r in wrapper %s" % (exception, wrapper))
/home/jimmy/Documents/ns-allinone-3.13/ns-3.13/src/network/bindings/modulegen__gcc_LP64.py:9: UserWarning: exception TypeLookupError(['__gnu_cxx::__normal_iterator< ns3::Ptr< ns3::Channel > const, std::vector< ns3::Ptr< ns3::Channel > > >'],) in wrapper public: retval? ???::Begin (params?);
  warnings.warn("exception %r in wrapper %s" % (exception, wrapper))
/home/jimmy/Documents/ns-allinone-3.13/ns-3.13/src/network/bindings/modulegen__gcc_LP64.py:9: UserWarning: exception TypeLookupError(['__gnu_cxx::__normal_iterator< ns3::Ptr< ns3::Channel > const, std::vector< ns3::Ptr< ns3::Channel > > >'],) in wrapper public: retval? ???::End (params?);
  warnings.warn("exception %r in wrapper %s" % (exception, wrapper))
/home/jimmy/Documents/ns-allinone-3.13/ns-3.13/src/network/bindings/modulegen__gcc_LP64.py:9: UserWarning: exception TypeLookupError(['ns3::Ptr< ns3::EventImpl > &'],) in wrapper <pybindgen.cppmethod.CppConstructor object at 0x7f88a9b4b210>
  warnings.warn("exception %r in wrapper %s" % (exception, wrapper))
/home/jimmy/Documents/ns-allinone-3.13/ns-3.13/src/network/bindings/modulegen__gcc_LP64.py:9: UserWarning: exception TypeConfigurationError('Either caller_owns_return or self.reference_existing_object must be given',) in wrapper public: retval? ???::PeekEventImpl (params?) const;
  warnings.warn("exception %r in wrapper %s" % (exception, wrapper))
/home/jimmy/Documents/ns-allinone-3.13/ns-3.13/src/network/bindings/modulegen__gcc_LP64.py:9: UserWarning: exception TypeLookupError(['std::ostream &'],) in wrapper public: retval? ???::Print (params?) const;
  warnings.warn("exception %r in wrapper %s" % (exception, wrapper))
/home/jimmy/Documents/ns-allinone-3.13/ns-3.13/src/network/bindings/modulegen__gcc_LP64.py:9: UserWarning: exception TypeConfigurationError('direction not given',) in wrapper <pybindgen.cppmethod.CppConstructor object at 0x7f88a9a68990>
  warnings.warn("exception %r in wrapper %s" % (exception, wrapper))
/home/jimmy/Documents/ns-allinone-3.13/ns-3.13/src/network/bindings/modulegen__gcc_LP64.py:9: UserWarning: exception TypeConfigurationError('direction not given',) in wrapper public: retval? ???::GetBytes (params?) const;
  warnings.warn("exception %r in wrapper %s" % (exception, wrapper))
/home/jimmy/Documents/ns-allinone-3.13/ns-3.13/src/network/bindings/modulegen__gcc_LP64.py:9: UserWarning: exception TypeConfigurationError('direction not given',) in wrapper public: retval? ???::Set (params?);
  warnings.warn("exception %r in wrapper %s" % (exception, wrapper))
/home/jimmy/Documents/ns-allinone-3.13/ns-3.13/src/network/bindings/modulegen__gcc_LP64.py:9: UserWarning: exception TypeConfigurationError('direction not given',) in wrapper <pybindgen.cppmethod.CppConstructor object at 0x7f88a9a2ba90>
  warnings.warn("exception %r in wrapper %s" % (exception, wrapper))
/home/jimmy/Documents/ns-allinone-3.13/ns-3.13/src/network/bindings/modulegen__gcc_LP64.py:9: UserWarning: exception TypeLookupError(['__gnu_cxx::__normal_iterator< ns3::Ptr< ns3::NetDevice > const, std::vector< ns3::Ptr< ns3::NetDevice > > >'],) in wrapper public: retval? ???::Begin (params?) const;
  warnings.warn("exception %r in wrapper %s" % (exception, wrapper))
/home/jimmy/Documents/ns-allinone-3.13/ns-3.13/src/network/bindings/modulegen__gcc_LP64.py:9: UserWarning: exception TypeLookupError(['__gnu_cxx::__normal_iterator< ns3::Ptr< ns3::NetDevice > const, std::vector< ns3::Ptr< ns3::NetDevice > > >'],) in wrapper public: retval? ???::End (params?) const;
  warnings.warn("exception %r in wrapper %s" % (exception, wrapper))
/home/jimmy/Documents/ns-allinone-3.13/ns-3.13/src/network/bindings/modulegen__gcc_LP64.py:9: UserWarning: exception TypeLookupError(['__gnu_cxx::__normal_iterator< ns3::Ptr< ns3::Node > const, std::vector< ns3::Ptr< ns3::Node > > >'],) in wrapper public: retval? ???::Begin (params?) const;
  warnings.warn("exception %r in wrapper %s" % (exception, wrapper))
/home/jimmy/Documents/ns-allinone-3.13/ns-3.13/src/network/bindings/modulegen__gcc_LP64.py:9: UserWarning: exception TypeLookupError(['__gnu_cxx::__normal_iterator< ns3::Ptr< ns3::Node > const, std::vector< ns3::Ptr< ns3::Node > > >'],) in wrapper public: retval? ???::End (params?) const;
  warnings.warn("exception %r in wrapper %s" % (exception, wrapper))
/home/jimmy/Documents/ns-allinone-3.13/ns-3.13/src/network/bindings/modulegen__gcc_LP64.py:9: UserWarning: exception TypeLookupError(['__gnu_cxx::__normal_iterator< ns3::Ptr< ns3::Node > const, std::vector< ns3::Ptr< ns3::Node > > >'],) in wrapper public: retval? ???::Begin (params?);
  warnings.warn("exception %r in wrapper %s" % (exception, wrapper))
/home/jimmy/Documents/ns-allinone-3.13/ns-3.13/src/network/bindings/modulegen__gcc_LP64.py:9: UserWarning: exception TypeLookupError(['__gnu_cxx::__normal_iterator< ns3::Ptr< ns3::Node > const, std::vector< ns3::Ptr< ns3::Node > > >'],) in wrapper public: retval? ???::End (params?);
  warnings.warn("exception %r in wrapper %s" % (exception, wrapper))
/home/jimmy/Documents/ns-allinone-3.13/ns-3.13/src/network/bindings/modulegen__gcc_LP64.py:9: UserWarning: exception TypeConfigurationError('Missing transfer_ownership option',) in wrapper public: retval? ???::Delete (params?);
  warnings.warn("exception %r in wrapper %s" % (exception, wrapper))
/home/jimmy/Documents/ns-allinone-3.13/ns-3.13/src/network/bindings/modulegen__gcc_LP64.py:9: UserWarning: exception TypeLookupError(['uint8_t [ 20 ]'],) in wrapper None
  warnings.warn("exception %r in wrapper %s" % (exception, wrapper))
/home/jimmy/Documents/ns-allinone-3.13/ns-3.13/src/network/bindings/modulegen__gcc_LP64.py:9: UserWarning: exception TypeConfigurationError('Either caller_owns_return or self.reference_existing_object must be given',) in wrapper None
  warnings.warn("exception %r in wrapper %s" % (exception, wrapper))
/home/jimmy/Documents/ns-allinone-3.13/ns-3.13/src/network/bindings/modulegen__gcc_LP64.py:9: UserWarning: exception TypeLookupError(['std::_List_iterator< ns3::Ptr< ns3::PbbAddressTlv > >'],) in wrapper public: retval? ???::Begin (params?);
  warnings.warn("exception %r in wrapper %s" % (exception, wrapper))
/home/jimmy/Documents/ns-allinone-3.13/ns-3.13/src/network/bindings/modulegen__gcc_LP64.py:9: UserWarning: exception TypeLookupError(['std::_List_const_iterator< ns3::Ptr< ns3::PbbAddressTlv > >'],) in wrapper public: retval? ???::Begin (params?) const;
  warnings.warn("exception %r in wrapper %s" % (exception, wrapper))
/home/jimmy/Documents/ns-allinone-3.13/ns-3.13/src/network/bindings/modulegen__gcc_LP64.py:9: UserWarning: exception TypeLookupError(['std::_List_iterator< ns3::Ptr< ns3::PbbAddressTlv > >'],) in wrapper public: retval? ???::End (params?);
  warnings.warn("exception %r in wrapper %s" % (exception, wrapper))
/home/jimmy/Documents/ns-allinone-3.13/ns-3.13/src/network/bindings/modulegen__gcc_LP64.py:9: UserWarning: exception TypeLookupError(['std::_List_const_iterator< ns3::Ptr< ns3::PbbAddressTlv > >'],) in wrapper public: retval? ???::End (params?) const;
  warnings.warn("exception %r in wrapper %s" % (exception, wrapper))
/home/jimmy/Documents/ns-allinone-3.13/ns-3.13/src/network/bindings/modulegen__gcc_LP64.py:9: UserWarning: exception TypeLookupError(['std::_List_iterator< ns3::Ptr< ns3::PbbAddressTlv > >'],) in wrapper public: retval? ???::Erase (params?);
  warnings.warn("exception %r in wrapper %s" % (exception, wrapper))
/home/jimmy/Documents/ns-allinone-3.13/ns-3.13/src/network/bindings/modulegen__gcc_LP64.py:9: UserWarning: exception TypeLookupError(['std::_List_iterator< ns3::Ptr< ns3::PbbAddressTlv > >'],) in wrapper public: retval? ???::Insert (params?);
  warnings.warn("exception %r in wrapper %s" % (exception, wrapper))
/home/jimmy/Documents/ns-allinone-3.13/ns-3.13/src/network/bindings/modulegen__gcc_LP64.py:9: UserWarning: exception TypeLookupError(['std::_List_iterator< ns3::Ptr< ns3::PbbTlv > >'],) in wrapper public: retval? ???::Begin (params?);
  warnings.warn("exception %r in wrapper %s" % (exception, wrapper))
/home/jimmy/Documents/ns-allinone-3.13/ns-3.13/src/network/bindings/modulegen__gcc_LP64.py:9: UserWarning: exception TypeLookupError(['std::_List_const_iterator< ns3::Ptr< ns3::PbbTlv > >'],) in wrapper public: retval? ???::Begin (params?) const;
  warnings.warn("exception %r in wrapper %s" % (exception, wrapper))
/home/jimmy/Documents/ns-allinone-3.13/ns-3.13/src/network/bindings/modulegen__gcc_LP64.py:9: UserWarning: exception TypeLookupError(['std::_List_iterator< ns3::Ptr< ns3::PbbTlv > >'],) in wrapper public: retval? ???::End (params?);
  warnings.warn("exception %r in wrapper %s" % (exception, wrapper))
/home/jimmy/Documents/ns-allinone-3.13/ns-3.13/src/network/bindings/modulegen__gcc_LP64.py:9: UserWarning: exception TypeLookupError(['std::_List_const_iterator< ns3::Ptr< ns3::PbbTlv > >'],) in wrapper public: retval? ???::End (params?) const;
  warnings.warn("exception %r in wrapper %s" % (exception, wrapper))
/home/jimmy/Documents/ns-allinone-3.13/ns-3.13/src/network/bindings/modulegen__gcc_LP64.py:9: UserWarning: exception TypeLookupError(['std::_List_iterator< ns3::Ptr< ns3::PbbTlv > >'],) in wrapper public: retval? ???::Erase (params?);
  warnings.warn("exception %r in wrapper %s" % (exception, wrapper))
/home/jimmy/Documents/ns-allinone-3.13/ns-3.13/src/network/bindings/modulegen__gcc_LP64.py:9: UserWarning: exception TypeLookupError(['std::_List_iterator< ns3::Ptr< ns3::PbbTlv > >'],) in wrapper public: retval? ???::Insert (params?);
  warnings.warn("exception %r in wrapper %s" % (exception, wrapper))
/home/jimmy/Documents/ns-allinone-3.13/ns-3.13/src/network/bindings/modulegen__gcc_LP64.py:9: UserWarning: exception TypeLookupError(['uint32_t &'],) in wrapper public: retval? ???::Diff (params?);
  warnings.warn("exception %r in wrapper %s" % (exception, wrapper))
/home/jimmy/Documents/ns-allinone-3.13/ns-3.13/src/network/bindings/modulegen__gcc_LP64.py:9: UserWarning: exception TypeLookupError(['short unsigned int'],) in wrapper <pybindgen.cppmethod.CppConstructor object at 0x7f88a980cf90>
  warnings.warn("exception %r in wrapper %s" % (exception, wrapper))
/home/jimmy/Documents/ns-allinone-3.13/ns-3.13/src/network/bindings/modulegen__gcc_LP64.py:9: UserWarning: exception TypeLookupError(['ns3::Ptr< ns3::SimulatorImpl >', 'ns3::SimulatorImpl *'],) in wrapper public: retval? ???::GetImplementation (params?);
  warnings.warn("exception %r in wrapper %s" % (exception, wrapper))
/home/jimmy/Documents/ns-allinone-3.13/ns-3.13/src/network/bindings/modulegen__gcc_LP64.py:9: UserWarning: exception TypeLookupError(['ns3::Ptr< ns3::SimulatorImpl >', 'ns3::SimulatorImpl *'],) in wrapper public: retval? ???::SetImplementation (params?);
  warnings.warn("exception %r in wrapper %s" % (exception, wrapper))
/home/jimmy/Documents/ns-allinone-3.13/ns-3.13/src/network/bindings/modulegen__gcc_LP64.py:9: UserWarning: exception TypeLookupError(['std::ostream &'],) in wrapper public: virtual retval? ???::Print (params?) const = 0;
  warnings.warn("exception %r in wrapper %s" % (exception, wrapper))
/home/jimmy/Documents/ns-allinone-3.13/ns-3.13/src/network/bindings/modulegen__gcc_LP64.py:9: UserWarning: exception TypeConfigurationError('direction not given',) in wrapper <pybindgen.cppmethod.CppConstructor object at 0x7f88a9778650>
  warnings.warn("exception %r in wrapper %s" % (exception, wrapper))
/home/jimmy/Documents/ns-allinone-3.13/ns-3.13/src/network/bindings/modulegen__gcc_LP64.py:9: UserWarning: exception TypeLookupError(['ns3::Callback< ns3::ObjectBase *, ns3::empty, ns3::empty, ns3::empty, ns3::empty, ns3::empty, ns3::empty, ns3::empty, ns3::empty, ns3::empty >'],) in wrapper public: retval? ???::GetConstructor (params?) const;
  warnings.warn("exception %r in wrapper %s" % (exception, wrapper))
/home/jimmy/Documents/ns-allinone-3.13/ns-3.13/src/network/bindings/modulegen__gcc_LP64.py:9: UserWarning: exception TypeConfigurationError('Missing transfer_ownership option',) in wrapper public: retval? ???::LookupAttributeByName (params?) const;
  warnings.warn("exception %r in wrapper %s" % (exception, wrapper))
/home/jimmy/Documents/ns-allinone-3.13/ns-3.13/src/network/bindings/modulegen__gcc_LP64.py:9: UserWarning: exception TypeLookupError(['short unsigned int'],) in wrapper None
  warnings.warn("exception %r in wrapper %s" % (exception, wrapper))
/home/jimmy/Documents/ns-allinone-3.13/ns-3.13/src/network/bindings/modulegen__gcc_LP64.py:9: UserWarning: exception TypeLookupError(['std::ostream &'],) in wrapper public: virtual retval? ???::Print (params?) const;
  warnings.warn("exception %r in wrapper %s" % (exception, wrapper))
/home/jimmy/Documents/ns-allinone-3.13/ns-3.13/src/network/bindings/modulegen__gcc_LP64.py:9: UserWarning: exception TypeLookupError(['std::_List_const_iterator< ns3::Ptr< ns3::Packet > >'],) in wrapper public: retval? ???::Begin (params?) const;
  warnings.warn("exception %r in wrapper %s" % (exception, wrapper))
/home/jimmy/Documents/ns-allinone-3.13/ns-3.13/src/network/bindings/modulegen__gcc_LP64.py:9: UserWarning: exception TypeLookupError(['std::_List_const_iterator< ns3::Ptr< ns3::Packet > >'],) in wrapper public: retval? ???::End (params?) const;
  warnings.warn("exception %r in wrapper %s" % (exception, wrapper))
/home/jimmy/Documents/ns-allinone-3.13/ns-3.13/src/network/bindings/modulegen__gcc_LP64.py:9: UserWarning: exception TypeLookupError(['std::pair< double, double >'],) in wrapper <pybindgen.cppmethod.CppConstructor object at 0x7f88a957b590>
  warnings.warn("exception %r in wrapper %s" % (exception, wrapper))
/home/jimmy/Documents/ns-allinone-3.13/ns-3.13/src/network/bindings/modulegen__gcc_LP64.py:9: UserWarning: exception TypeLookupError(['std::pair< double, double >'],) in wrapper <pybindgen.cppmethod.CppConstructor object at 0x7f88a957b5d0>
  warnings.warn("exception %r in wrapper %s" % (exception, wrapper))
/home/jimmy/Documents/ns-allinone-3.13/ns-3.13/src/network/bindings/modulegen__gcc_LP64.py:9: UserWarning: exception TypeConfigurationError('direction not given',) in wrapper public: retval? ???::Recv (params?);
  warnings.warn("exception %r in wrapper %s" % (exception, wrapper))
/home/jimmy/Documents/ns-allinone-3.13/ns-3.13/src/network/bindings/modulegen__gcc_LP64.py:9: UserWarning: exception TypeConfigurationError('direction not given',) in wrapper public: retval? ???::RecvFrom (params?);
  warnings.warn("exception %r in wrapper %s" % (exception, wrapper))
/home/jimmy/Documents/ns-allinone-3.13/ns-3.13/src/network/bindings/modulegen__gcc_LP64.py:9: UserWarning: exception TypeConfigurationError('direction not given',) in wrapper public: retval? ???::Send (params?);
  warnings.warn("exception %r in wrapper %s" % (exception, wrapper))
/home/jimmy/Documents/ns-allinone-3.13/ns-3.13/src/network/bindings/modulegen__gcc_LP64.py:9: UserWarning: exception TypeConfigurationError('direction not given',) in wrapper public: retval? ???::SendTo (params?);
  warnings.warn("exception %r in wrapper %s" % (exception, wrapper))
/home/jimmy/Documents/ns-allinone-3.13/ns-3.13/src/network/bindings/modulegen__gcc_LP64.py:9: UserWarning: exception TypeLookupError(['ns3::Callback< void, ns3::empty, ns3::empty, ns3::empty, ns3::empty, ns3::empty, ns3::empty, ns3::empty, ns3::empty, ns3::empty >'],) in wrapper public: virtual retval? ???::AddLinkChangeCallback (params?) = 0;
  warnings.warn("exception %r in wrapper %s" % (exception, wrapper))
/home/jimmy/Documents/ns-allinone-3.13/ns-3.13/src/network/bindings/modulegen__gcc_LP64.py:9: UserWarning: exception TypeLookupError(['ns3::Callback< void, ns3::Ptr< ns3::NetDevice >, ns3::empty, ns3::empty, ns3::empty, ns3::empty, ns3::empty, ns3::empty, ns3::empty, ns3::empty >'],) in wrapper public: retval? ???::RegisterDeviceAdditionListener (params?);
  warnings.warn("exception %r in wrapper %s" % (exception, wrapper))
/home/jimmy/Documents/ns-allinone-3.13/ns-3.13/src/network/bindings/modulegen__gcc_LP64.py:9: UserWarning: exception TypeLookupError(['ns3::Callback< void, ns3::Ptr< ns3::NetDevice >, ns3::empty, ns3::empty, ns3::empty, ns3::empty, ns3::empty, ns3::empty, ns3::empty, ns3::empty >'],) in wrapper public: retval? ???::UnregisterDeviceAdditionListener (params?);
  warnings.warn("exception %r in wrapper %s" % (exception, wrapper))
/home/jimmy/Documents/ns-allinone-3.13/ns-3.13/src/network/bindings/modulegen__gcc_LP64.py:9: UserWarning: exception TypeLookupError(['std::ostream *'],) in wrapper <pybindgen.cppmethod.CppConstructor object at 0x7f88a902cdd0>
  warnings.warn("exception %r in wrapper %s" % (exception, wrapper))
/home/jimmy/Documents/ns-allinone-3.13/ns-3.13/src/network/bindings/modulegen__gcc_LP64.py:9: UserWarning: exception TypeLookupError(['std::ostream *'],) in wrapper public: retval? ???::GetStream (params?);
  warnings.warn("exception %r in wrapper %s" % (exception, wrapper))
/home/jimmy/Documents/ns-allinone-3.13/ns-3.13/src/network/bindings/modulegen__gcc_LP64.py:9: UserWarning: exception TypeConfigurationError('direction not given',) in wrapper <pybindgen.cppmethod.CppConstructor object at 0x7f88a9035c50>
  warnings.warn("exception %r in wrapper %s" % (exception, wrapper))
/home/jimmy/Documents/ns-allinone-3.13/ns-3.13/src/network/bindings/modulegen__gcc_LP64.py:9: UserWarning: exception TypeConfigurationError('direction not given',) in wrapper <pybindgen.cppmethod.CppConstructor object at 0x7f88a9035c90>
  warnings.warn("exception %r in wrapper %s" % (exception, wrapper))
/home/jimmy/Documents/ns-allinone-3.13/ns-3.13/src/network/bindings/modulegen__gcc_LP64.py:9: UserWarning: exception TypeLookupError(['std::ostream &'],) in wrapper public: retval? ???::PrintByteTags (params?) const;
  warnings.warn("exception %r in wrapper %s" % (exception, wrapper))
/home/jimmy/Documents/ns-allinone-3.13/ns-3.13/src/network/bindings/modulegen__gcc_LP64.py:9: UserWarning: exception TypeLookupError(['std::ostream &'],) in wrapper public: retval? ???::PrintPacketTags (params?) const;
  warnings.warn("exception %r in wrapper %s" % (exception, wrapper))
/home/jimmy/Documents/ns-allinone-3.13/ns-3.13/src/network/bindings/modulegen__gcc_LP64.py:9: UserWarning: exception TypeLookupError(['std::_List_iterator< ns3::Address >'],) in wrapper public: retval? ???::AddressBegin (params?);
  warnings.warn("exception %r in wrapper %s" % (exception, wrapper))
/home/jimmy/Documents/ns-allinone-3.13/ns-3.13/src/network/bindings/modulegen__gcc_LP64.py:9: UserWarning: exception TypeLookupError(['std::_List_const_iterator< ns3::Address >'],) in wrapper public: retval? ???::AddressBegin (params?) const;
  warnings.warn("exception %r in wrapper %s" % (exception, wrapper))
/home/jimmy/Documents/ns-allinone-3.13/ns-3.13/src/network/bindings/modulegen__gcc_LP64.py:9: UserWarning: exception TypeLookupError(['std::_List_iterator< ns3::Address >'],) in wrapper public: retval? ???::AddressEnd (params?);
  warnings.warn("exception %r in wrapper %s" % (exception, wrapper))
/home/jimmy/Documents/ns-allinone-3.13/ns-3.13/src/network/bindings/modulegen__gcc_LP64.py:9: UserWarning: exception TypeLookupError(['std::_List_const_iterator< ns3::Address >'],) in wrapper public: retval? ???::AddressEnd (params?) const;
  warnings.warn("exception %r in wrapper %s" % (exception, wrapper))
/home/jimmy/Documents/ns-allinone-3.13/ns-3.13/src/network/bindings/modulegen__gcc_LP64.py:9: UserWarning: exception TypeLookupError(['std::_List_iterator< ns3::Address >'],) in wrapper public: retval? ???::AddressErase (params?);
  warnings.warn("exception %r in wrapper %s" % (exception, wrapper))
/home/jimmy/Documents/ns-allinone-3.13/ns-3.13/src/network/bindings/modulegen__gcc_LP64.py:9: UserWarning: exception TypeLookupError(['std::_List_iterator< ns3::Address >'],) in wrapper public: retval? ???::AddressInsert (params?);
  warnings.warn("exception %r in wrapper %s" % (exception, wrapper))
/home/jimmy/Documents/ns-allinone-3.13/ns-3.13/src/network/bindings/modulegen__gcc_LP64.py:9: UserWarning: exception TypeLookupError(['std::_List_iterator< unsigned char >'],) in wrapper public: retval? ???::PrefixBegin (params?);
  warnings.warn("exception %r in wrapper %s" % (exception, wrapper))
/home/jimmy/Documents/ns-allinone-3.13/ns-3.13/src/network/bindings/modulegen__gcc_LP64.py:9: UserWarning: exception TypeLookupError(['std::_List_const_iterator< unsigned char >'],) in wrapper public: retval? ???::PrefixBegin (params?) const;
  warnings.warn("exception %r in wrapper %s" % (exception, wrapper))
/home/jimmy/Documents/ns-allinone-3.13/ns-3.13/src/network/bindings/modulegen__gcc_LP64.py:9: UserWarning: exception TypeLookupError(['std::_List_iterator< unsigned char >'],) in wrapper public: retval? ???::PrefixEnd (params?);
  warnings.warn("exception %r in wrapper %s" % (exception, wrapper))
/home/jimmy/Documents/ns-allinone-3.13/ns-3.13/src/network/bindings/modulegen__gcc_LP64.py:9: UserWarning: exception TypeLookupError(['std::_List_const_iterator< unsigned char >'],) in wrapper public: retval? ???::PrefixEnd (params?) const;
  warnings.warn("exception %r in wrapper %s" % (exception, wrapper))
/home/jimmy/Documents/ns-allinone-3.13/ns-3.13/src/network/bindings/modulegen__gcc_LP64.py:9: UserWarning: exception TypeLookupError(['std::_List_iterator< unsigned char >'],) in wrapper public: retval? ???::PrefixErase (params?);
  warnings.warn("exception %r in wrapper %s" % (exception, wrapper))
/home/jimmy/Documents/ns-allinone-3.13/ns-3.13/src/network/bindings/modulegen__gcc_LP64.py:9: UserWarning: exception TypeLookupError(['std::_List_iterator< unsigned char >'],) in wrapper public: retval? ???::PrefixInsert (params?);
  warnings.warn("exception %r in wrapper %s" % (exception, wrapper))
/home/jimmy/Documents/ns-allinone-3.13/ns-3.13/src/network/bindings/modulegen__gcc_LP64.py:9: UserWarning: exception TypeLookupError(['ns3::Ptr< ns3::PbbAddressTlv >'],) in wrapper public: retval? ???::TlvBack (params?) const;
  warnings.warn("exception %r in wrapper %s" % (exception, wrapper))
/home/jimmy/Documents/ns-allinone-3.13/ns-3.13/src/network/bindings/modulegen__gcc_LP64.py:9: UserWarning: exception TypeLookupError(['std::_List_iterator< ns3::Ptr< ns3::PbbAddressTlv > >'],) in wrapper public: retval? ???::TlvBegin (params?);
  warnings.warn("exception %r in wrapper %s" % (exception, wrapper))
/home/jimmy/Documents/ns-allinone-3.13/ns-3.13/src/network/bindings/modulegen__gcc_LP64.py:9: UserWarning: exception TypeLookupError(['std::_List_const_iterator< ns3::Ptr< ns3::PbbAddressTlv > >'],) in wrapper public: retval? ???::TlvBegin (params?) const;
  warnings.warn("exception %r in wrapper %s" % (exception, wrapper))
/home/jimmy/Documents/ns-allinone-3.13/ns-3.13/src/network/bindings/modulegen__gcc_LP64.py:9: UserWarning: exception TypeLookupError(['std::_List_iterator< ns3::Ptr< ns3::PbbAddressTlv > >'],) in wrapper public: retval? ???::TlvEnd (params?);
  warnings.warn("exception %r in wrapper %s" % (exception, wrapper))
/home/jimmy/Documents/ns-allinone-3.13/ns-3.13/src/network/bindings/modulegen__gcc_LP64.py:9: UserWarning: exception TypeLookupError(['std::_List_const_iterator< ns3::Ptr< ns3::PbbAddressTlv > >'],) in wrapper public: retval? ???::TlvEnd (params?) const;
  warnings.warn("exception %r in wrapper %s" % (exception, wrapper))
/home/jimmy/Documents/ns-allinone-3.13/ns-3.13/src/network/bindings/modulegen__gcc_LP64.py:9: UserWarning: exception TypeLookupError(['std::_List_iterator< ns3::Ptr< ns3::PbbAddressTlv > >'],) in wrapper public: retval? ???::TlvErase (params?);
  warnings.warn("exception %r in wrapper %s" % (exception, wrapper))
/home/jimmy/Documents/ns-allinone-3.13/ns-3.13/src/network/bindings/modulegen__gcc_LP64.py:9: UserWarning: exception TypeLookupError(['ns3::Ptr< ns3::PbbAddressTlv >'],) in wrapper public: retval? ???::TlvFront (params?) const;
  warnings.warn("exception %r in wrapper %s" % (exception, wrapper))
/home/jimmy/Documents/ns-allinone-3.13/ns-3.13/src/network/bindings/modulegen__gcc_LP64.py:9: UserWarning: exception TypeLookupError(['std::_List_iterator< ns3::Ptr< ns3::PbbAddressTlv > >'],) in wrapper public: retval? ???::TlvInsert (params?);
  warnings.warn("exception %r in wrapper %s" % (exception, wrapper))
/home/jimmy/Documents/ns-allinone-3.13/ns-3.13/src/network/bindings/modulegen__gcc_LP64.py:9: UserWarning: exception TypeConfigurationError('direction not given',) in wrapper protected: virtual retval? ???::DeserializeAddress (params?) const = 0;
  warnings.warn("exception %r in wrapper %s" % (exception, wrapper))
/home/jimmy/Documents/ns-allinone-3.13/ns-3.13/src/network/bindings/modulegen__gcc_LP64.py:9: UserWarning: exception TypeLookupError(['std::ostream &'],) in wrapper protected: virtual retval? ???::PrintAddress (params?) const = 0;
  warnings.warn("exception %r in wrapper %s" % (exception, wrapper))
/home/jimmy/Documents/ns-allinone-3.13/ns-3.13/src/network/bindings/modulegen__gcc_LP64.py:9: UserWarning: exception TypeConfigurationError('direction not given',) in wrapper protected: virtual retval? ???::SerializeAddress (params?) const = 0;
  warnings.warn("exception %r in wrapper %s" % (exception, wrapper))
/home/jimmy/Documents/ns-allinone-3.13/ns-3.13/src/network/bindings/modulegen__gcc_LP64.py:9: UserWarning: exception TypeConfigurationError('direction not given',) in wrapper protected: virtual retval? ???::DeserializeAddress (params?) const;
  warnings.warn("exception %r in wrapper %s" % (exception, wrapper))
/home/jimmy/Documents/ns-allinone-3.13/ns-3.13/src/network/bindings/modulegen__gcc_LP64.py:9: UserWarning: exception TypeLookupError(['std::ostream &'],) in wrapper protected: virtual retval? ???::PrintAddress (params?) const;
  warnings.warn("exception %r in wrapper %s" % (exception, wrapper))
/home/jimmy/Documents/ns-allinone-3.13/ns-3.13/src/network/bindings/modulegen__gcc_LP64.py:9: UserWarning: exception TypeConfigurationError('direction not given',) in wrapper protected: virtual retval? ???::SerializeAddress (params?) const;
  warnings.warn("exception %r in wrapper %s" % (exception, wrapper))
/home/jimmy/Documents/ns-allinone-3.13/ns-3.13/src/network/bindings/modulegen__gcc_LP64.py:9: UserWarning: exception TypeLookupError(['ns3::Ptr< ns3::PbbAddressBlock >'],) in wrapper public: retval? ???::AddressBlockBack (params?) const;
  warnings.warn("exception %r in wrapper %s" % (exception, wrapper))
/home/jimmy/Documents/ns-allinone-3.13/ns-3.13/src/network/bindings/modulegen__gcc_LP64.py:9: UserWarning: exception TypeLookupError(['std::_List_iterator< ns3::Ptr< ns3::PbbAddressBlock > >'],) in wrapper public: retval? ???::AddressBlockBegin (params?);
  warnings.warn("exception %r in wrapper %s" % (exception, wrapper))
/home/jimmy/Documents/ns-allinone-3.13/ns-3.13/src/network/bindings/modulegen__gcc_LP64.py:9: UserWarning: exception TypeLookupError(['std::_List_const_iterator< ns3::Ptr< ns3::PbbAddressBlock > >'],) in wrapper public: retval? ???::AddressBlockBegin (params?) const;
  warnings.warn("exception %r in wrapper %s" % (exception, wrapper))
/home/jimmy/Documents/ns-allinone-3.13/ns-3.13/src/network/bindings/modulegen__gcc_LP64.py:9: UserWarning: exception TypeLookupError(['std::_List_iterator< ns3::Ptr< ns3::PbbAddressBlock > >'],) in wrapper public: retval? ???::AddressBlockEnd (params?);
  warnings.warn("exception %r in wrapper %s" % (exception, wrapper))
/home/jimmy/Documents/ns-allinone-3.13/ns-3.13/src/network/bindings/modulegen__gcc_LP64.py:9: UserWarning: exception TypeLookupError(['std::_List_const_iterator< ns3::Ptr< ns3::PbbAddressBlock > >'],) in wrapper public: retval? ???::AddressBlockEnd (params?) const;
  warnings.warn("exception %r in wrapper %s" % (exception, wrapper))
/home/jimmy/Documents/ns-allinone-3.13/ns-3.13/src/network/bindings/modulegen__gcc_LP64.py:9: UserWarning: exception TypeLookupError(['std::_List_iterator< ns3::Ptr< ns3::PbbAddressBlock > >'],) in wrapper public: retval? ???::AddressBlockErase (params?);
  warnings.warn("exception %r in wrapper %s" % (exception, wrapper))
/home/jimmy/Documents/ns-allinone-3.13/ns-3.13/src/network/bindings/modulegen__gcc_LP64.py:9: UserWarning: exception TypeLookupError(['ns3::Ptr< ns3::PbbAddressBlock >'],) in wrapper public: retval? ???::AddressBlockFront (params?) const;
  warnings.warn("exception %r in wrapper %s" % (exception, wrapper))
/home/jimmy/Documents/ns-allinone-3.13/ns-3.13/src/network/bindings/modulegen__gcc_LP64.py:9: UserWarning: exception TypeLookupError(['ns3::Ptr< ns3::PbbTlv >'],) in wrapper public: retval? ???::TlvBack (params?) const;
  warnings.warn("exception %r in wrapper %s" % (exception, wrapper))
/home/jimmy/Documents/ns-allinone-3.13/ns-3.13/src/network/bindings/modulegen__gcc_LP64.py:9: UserWarning: exception TypeLookupError(['std::_List_iterator< ns3::Ptr< ns3::PbbTlv > >'],) in wrapper public: retval? ???::TlvBegin (params?);
  warnings.warn("exception %r in wrapper %s" % (exception, wrapper))
/home/jimmy/Documents/ns-allinone-3.13/ns-3.13/src/network/bindings/modulegen__gcc_LP64.py:9: UserWarning: exception TypeLookupError(['std::_List_const_iterator< ns3::Ptr< ns3::PbbTlv > >'],) in wrapper public: retval? ???::TlvBegin (params?) const;
  warnings.warn("exception %r in wrapper %s" % (exception, wrapper))
/home/jimmy/Documents/ns-allinone-3.13/ns-3.13/src/network/bindings/modulegen__gcc_LP64.py:9: UserWarning: exception TypeLookupError(['std::_List_iterator< ns3::Ptr< ns3::PbbTlv > >'],) in wrapper public: retval? ???::TlvEnd (params?);
  warnings.warn("exception %r in wrapper %s" % (exception, wrapper))
/home/jimmy/Documents/ns-allinone-3.13/ns-3.13/src/network/bindings/modulegen__gcc_LP64.py:9: UserWarning: exception TypeLookupError(['std::_List_const_iterator< ns3::Ptr< ns3::PbbTlv > >'],) in wrapper public: retval? ???::TlvEnd (params?) const;
  warnings.warn("exception %r in wrapper %s" % (exception, wrapper))
/home/jimmy/Documents/ns-allinone-3.13/ns-3.13/src/network/bindings/modulegen__gcc_LP64.py:9: UserWarning: exception TypeLookupError(['std::_List_iterator< ns3::Ptr< ns3::PbbTlv > >'],) in wrapper public: retval? ???::TlvErase (params?);
  warnings.warn("exception %r in wrapper %s" % (exception, wrapper))
/home/jimmy/Documents/ns-allinone-3.13/ns-3.13/src/network/bindings/modulegen__gcc_LP64.py:9: UserWarning: exception TypeLookupError(['ns3::Ptr< ns3::PbbTlv >'],) in wrapper public: retval? ???::TlvFront (params?) const;
  warnings.warn("exception %r in wrapper %s" % (exception, wrapper))
/home/jimmy/Documents/ns-allinone-3.13/ns-3.13/src/network/bindings/modulegen__gcc_LP64.py:9: UserWarning: exception TypeLookupError(['std::ostream &'],) in wrapper protected: virtual retval? ???::PrintOriginatorAddress (params?) const = 0;
  warnings.warn("exception %r in wrapper %s" % (exception, wrapper))
/home/jimmy/Documents/ns-allinone-3.13/ns-3.13/src/network/bindings/modulegen__gcc_LP64.py:9: UserWarning: exception TypeLookupError(['std::ostream &'],) in wrapper protected: virtual retval? ???::PrintOriginatorAddress (params?) const;
  warnings.warn("exception %r in wrapper %s" % (exception, wrapper))
/home/jimmy/Documents/ns-allinone-3.13/ns-3.13/src/network/bindings/modulegen__gcc_LP64.py:9: UserWarning: exception TypeLookupError(['std::_List_iterator< ns3::Ptr< ns3::PbbMessage > >'],) in wrapper public: retval? ???::Erase (params?);
  warnings.warn("exception %r in wrapper %s" % (exception, wrapper))
/home/jimmy/Documents/ns-allinone-3.13/ns-3.13/src/network/bindings/modulegen__gcc_LP64.py:9: UserWarning: exception TypeLookupError(['ns3::Ptr< ns3::PbbMessage >'],) in wrapper public: retval? ???::MessageBack (params?) const;
  warnings.warn("exception %r in wrapper %s" % (exception, wrapper))
/home/jimmy/Documents/ns-allinone-3.13/ns-3.13/src/network/bindings/modulegen__gcc_LP64.py:9: UserWarning: exception TypeLookupError(['std::_List_iterator< ns3::Ptr< ns3::PbbMessage > >'],) in wrapper public: retval? ???::MessageBegin (params?);
  warnings.warn("exception %r in wrapper %s" % (exception, wrapper))
/home/jimmy/Documents/ns-allinone-3.13/ns-3.13/src/network/bindings/modulegen__gcc_LP64.py:9: UserWarning: exception TypeLookupError(['std::_List_const_iterator< ns3::Ptr< ns3::PbbMessage > >'],) in wrapper public: retval? ???::MessageBegin (params?) const;
  warnings.warn("exception %r in wrapper %s" % (exception, wrapper))
/home/jimmy/Documents/ns-allinone-3.13/ns-3.13/src/network/bindings/modulegen__gcc_LP64.py:9: UserWarning: exception TypeLookupError(['std::_List_iterator< ns3::Ptr< ns3::PbbMessage > >'],) in wrapper public: retval? ???::MessageEnd (params?);
  warnings.warn("exception %r in wrapper %s" % (exception, wrapper))
/home/jimmy/Documents/ns-allinone-3.13/ns-3.13/src/network/bindings/modulegen__gcc_LP64.py:9: UserWarning: exception TypeLookupError(['std::_List_const_iterator< ns3::Ptr< ns3::PbbMessage > >'],) in wrapper public: retval? ???::MessageEnd (params?) const;
  warnings.warn("exception %r in wrapper %s" % (exception, wrapper))
/home/jimmy/Documents/ns-allinone-3.13/ns-3.13/src/network/bindings/modulegen__gcc_LP64.py:9: UserWarning: exception TypeLookupError(['ns3::Ptr< ns3::PbbMessage >'],) in wrapper public: retval? ???::MessageFront (params?) const;
  warnings.warn("exception %r in wrapper %s" % (exception, wrapper))
/home/jimmy/Documents/ns-allinone-3.13/ns-3.13/src/network/bindings/modulegen__gcc_LP64.py:9: UserWarning: exception TypeConfigurationError('direction not given',) in wrapper public: retval? ???::SetValue (params?);
  warnings.warn("exception %r in wrapper %s" % (exception, wrapper))
/home/jimmy/Documents/ns-allinone-3.13/ns-3.13/src/network/bindings/modulegen__gcc_LP64.py:9: UserWarning: exception TypeLookupError(['ns3::Callback< void, ns3::empty, ns3::empty, ns3::empty, ns3::empty, ns3::empty, ns3::empty, ns3::empty, ns3::empty, ns3::empty >'],) in wrapper public: virtual retval? ???::AddLinkChangeCallback (params?);
  warnings.warn("exception %r in wrapper %s" % (exception, wrapper))
/home/jimmy/Documents/ns-allinone-3.13/pybindgen-0.15.0.795/pybindgen/cppclass_typehandlers.py:1134: UserWarning: Returning shared pointers is dangerous!  The C++ API should be redesigned to avoid this situation.
  warnings.warn("Returning shared pointers is dangerous!"
/home/jimmy/Documents/ns-allinone-3.13/ns-3.13/src/network/bindings/modulegen__gcc_LP64.py:9: UserWarning: exception CodeGenerationError('ns3::AsciiTraceHelperForDevice cannot be constructed (class has pure virtual methods)',) in wrapper <pybindgen.CppClass 'ns3::AsciiTraceHelperForDevice'>
  warnings.warn("exception %r in wrapper %s" % (exception, wrapper))
/home/jimmy/Documents/ns-allinone-3.13/ns-3.13/src/network/bindings/modulegen__gcc_LP64.py:9: UserWarning: exception CodeGenerationError('ns3::PcapHelperForDevice cannot be constructed (class has pure virtual methods)',) in wrapper <pybindgen.CppClass 'ns3::PcapHelperForDevice'>
  warnings.warn("exception %r in wrapper %s" % (exception, wrapper))
/home/jimmy/Documents/ns-allinone-3.13/ns-3.13/src/network/bindings/modulegen__gcc_LP64.py:9: UserWarning: exception CodeGenerationError('ns3::Tag cannot be constructed (have pure virtual methods but no helper class)',) in wrapper <pybindgen.CppClass 'ns3::Tag'>
  warnings.warn("exception %r in wrapper %s" % (exception, wrapper))
/home/jimmy/Documents/ns-allinone-3.13/ns-3.13/src/network/bindings/modulegen__gcc_LP64.py:9: UserWarning: exception CodeGenerationError('ns3::Chunk cannot be constructed (have pure virtual methods but no helper class)',) in wrapper <pybindgen.CppClass 'ns3::Chunk'>
  warnings.warn("exception %r in wrapper %s" % (exception, wrapper))
/home/jimmy/Documents/ns-allinone-3.13/ns-3.13/src/network/bindings/modulegen__gcc_LP64.py:9: UserWarning: exception CodeGenerationError('ns3::Header cannot be constructed (have pure virtual methods but no helper class)',) in wrapper <pybindgen.CppClass 'ns3::Header'>
  warnings.warn("exception %r in wrapper %s" % (exception, wrapper))
/home/jimmy/Documents/ns-allinone-3.13/ns-3.13/src/network/bindings/modulegen__gcc_LP64.py:9: UserWarning: exception CodeGenerationError('ns3::Queue cannot be constructed (class has pure virtual methods)',) in wrapper <pybindgen.CppClass 'ns3::Queue'>
  warnings.warn("exception %r in wrapper %s" % (exception, wrapper))
/home/jimmy/Documents/ns-allinone-3.13/ns-3.13/src/network/bindings/modulegen__gcc_LP64.py:9: UserWarning: exception CodeGenerationError('ns3::SimpleRefCount< ns3::PbbPacket, ns3::Header, ns3::DefaultDeleter<ns3::PbbPacket> > cannot be constructed (have pure virtual methods but no helper class)',) in wrapper <pybindgen.CppClass 'ns3::SimpleRefCount< ns3::PbbPacket, ns3::Header, ns3::DefaultDeleter<ns3::PbbPacket> >'>
  warnings.warn("exception %r in wrapper %s" % (exception, wrapper))
/home/jimmy/Documents/ns-allinone-3.13/ns-3.13/src/network/bindings/modulegen__gcc_LP64.py:9: UserWarning: exception CodeGenerationError('ns3::Socket cannot be constructed (class has pure virtual methods)',) in wrapper <pybindgen.CppClass 'ns3::Socket'>
  warnings.warn("exception %r in wrapper %s" % (exception, wrapper))
/home/jimmy/Documents/ns-allinone-3.13/ns-3.13/src/network/bindings/modulegen__gcc_LP64.py:9: UserWarning: exception CodeGenerationError('ns3::SocketFactory cannot be constructed (class has pure virtual methods)',) in wrapper <pybindgen.CppClass 'ns3::SocketFactory'>
  warnings.warn("exception %r in wrapper %s" % (exception, wrapper))
/home/jimmy/Documents/ns-allinone-3.13/ns-3.13/src/network/bindings/modulegen__gcc_LP64.py:9: UserWarning: exception CodeGenerationError('ns3::Trailer cannot be constructed (have pure virtual methods but no helper class)',) in wrapper <pybindgen.CppClass 'ns3::Trailer'>
  warnings.warn("exception %r in wrapper %s" % (exception, wrapper))
/home/jimmy/Documents/ns-allinone-3.13/ns-3.13/src/network/bindings/modulegen__gcc_LP64.py:9: UserWarning: exception CodeGenerationError('ns3::Channel cannot be constructed (class has pure virtual methods)',) in wrapper <pybindgen.CppClass 'ns3::Channel'>
  warnings.warn("exception %r in wrapper %s" % (exception, wrapper))
/home/jimmy/Documents/ns-allinone-3.13/ns-3.13/src/network/bindings/modulegen__gcc_LP64.py:9: UserWarning: exception CodeGenerationError('ns3::DataRateChecker cannot be constructed (have pure virtual methods but no helper class)',) in wrapper <pybindgen.CppClass 'ns3::DataRateChecker'>
  warnings.warn("exception %r in wrapper %s" % (exception, wrapper))
/home/jimmy/Documents/ns-allinone-3.13/ns-3.13/src/network/bindings/modulegen__gcc_LP64.py:9: UserWarning: exception CodeGenerationError('ns3::ErrorModel cannot be constructed (class has pure virtual methods)',) in wrapper <pybindgen.CppClass 'ns3::ErrorModel'>
  warnings.warn("exception %r in wrapper %s" % (exception, wrapper))
/home/jimmy/Documents/ns-allinone-3.13/ns-3.13/src/network/bindings/modulegen__gcc_LP64.py:9: UserWarning: exception CodeGenerationError('ns3::Ipv4AddressChecker cannot be constructed (have pure virtual methods but no helper class)',) in wrapper <pybindgen.CppClass 'ns3::Ipv4AddressChecker'>
  warnings.warn("exception %r in wrapper %s" % (exception, wrapper))
/home/jimmy/Documents/ns-allinone-3.13/ns-3.13/src/network/bindings/modulegen__gcc_LP64.py:9: UserWarning: exception CodeGenerationError('ns3::Ipv4MaskChecker cannot be constructed (have pure virtual methods but no helper class)',) in wrapper <pybindgen.CppClass 'ns3::Ipv4MaskChecker'>
  warnings.warn("exception %r in wrapper %s" % (exception, wrapper))
/home/jimmy/Documents/ns-allinone-3.13/ns-3.13/src/network/bindings/modulegen__gcc_LP64.py:9: UserWarning: exception CodeGenerationError('ns3::Ipv6AddressChecker cannot be constructed (have pure virtual methods but no helper class)',) in wrapper <pybindgen.CppClass 'ns3::Ipv6AddressChecker'>
  warnings.warn("exception %r in wrapper %s" % (exception, wrapper))
/home/jimmy/Documents/ns-allinone-3.13/ns-3.13/src/network/bindings/modulegen__gcc_LP64.py:9: UserWarning: exception CodeGenerationError('ns3::Ipv6PrefixChecker cannot be constructed (have pure virtual methods but no helper class)',) in wrapper <pybindgen.CppClass 'ns3::Ipv6PrefixChecker'>
  warnings.warn("exception %r in wrapper %s" % (exception, wrapper))
/home/jimmy/Documents/ns-allinone-3.13/ns-3.13/src/network/bindings/modulegen__gcc_LP64.py:9: UserWarning: exception CodeGenerationError('ns3::Mac48AddressChecker cannot be constructed (have pure virtual methods but no helper class)',) in wrapper <pybindgen.CppClass 'ns3::Mac48AddressChecker'>
  warnings.warn("exception %r in wrapper %s" % (exception, wrapper))
/home/jimmy/Documents/ns-allinone-3.13/ns-3.13/src/network/bindings/modulegen__gcc_LP64.py:9: UserWarning: exception CodeGenerationError('ns3::NetDevice cannot be constructed (have pure virtual methods but no helper class)',) in wrapper <pybindgen.CppClass 'ns3::NetDevice'>
  warnings.warn("exception %r in wrapper %s" % (exception, wrapper))
/home/jimmy/Documents/ns-allinone-3.13/ns-3.13/src/network/bindings/modulegen__gcc_LP64.py:9: UserWarning: exception CodeGenerationError('ns3::PbbAddressBlock cannot be constructed (have pure virtual methods but no helper class)',) in wrapper <pybindgen.CppClass 'ns3::PbbAddressBlock'>
  warnings.warn("exception %r in wrapper %s" % (exception, wrapper))
/home/jimmy/Documents/ns-allinone-3.13/ns-3.13/src/network/bindings/modulegen__gcc_LP64.py:9: UserWarning: exception CodeGenerationError('ns3::PbbMessage cannot be constructed (have pure virtual methods but no helper class)',) in wrapper <pybindgen.CppClass 'ns3::PbbMessage'>
  warnings.warn("exception %r in wrapper %s" % (exception, wrapper))
/home/jimmy/Documents/ns-allinone-3.13/ns-3.13/src/network/bindings/modulegen__gcc_LP64.py:9: UserWarning: exception CodeGenerationError('ns3::AddressChecker cannot be constructed (have pure virtual methods but no helper class)',) in wrapper <pybindgen.CppClass 'ns3::AddressChecker'>
  warnings.warn("exception %r in wrapper %s" % (exception, wrapper))
