>>>>>>>>>>>>>>>> [['void', 'ns3::empty', 'ns3::empty', 'ns3::empty', 'ns3::empty', 'ns3::empty', 'ns3::empty', 'ns3::empty', 'ns3::empty', 'ns3::empty'], ['void', 'int', 'ns3::empty', 'ns3::empty', 'ns3::empty', 'ns3::empty', 'ns3::empty', 'ns3::empty', 'ns3::empty', 'ns3::empty'], ['void', 'ns3::Ptr<ns3::NetDevice>', 'ns3::Ptr<ns3::Packet const>', 'unsigned short', 'ns3::Address const&', 'ns3::Address const&', 'ns3::NetDevice::PacketType', 'ns3::empty', 'ns3::empty', 'ns3::empty']]
***** registering callback handler: 'ns3::Callback< void, ns3::empty, ns3::empty, ns3::empty, ns3::empty, ns3::empty, ns3::empty, ns3::empty, ns3::empty, ns3::empty >'
***** registering callback handler: 'ns3::Callback< void, int, ns3::empty, ns3::empty, ns3::empty, ns3::empty, ns3::empty, ns3::empty, ns3::empty, ns3::empty >'
***** registering callback handler: 'ns3::Callback< void, ns3::Ptr< ns3::NetDevice >, ns3::Ptr< ns3::Packet const >, unsigned short, ns3::Address const &, ns3::Address const &, ns3::NetDevice::PacketType, ns3::empty, ns3::empty, ns3::empty >'
/home/jimmy/Documents/ns-allinone-3.13/ns-3.13/src/energy/bindings/modulegen__gcc_LP64.py:9: UserWarning: exception TypeConfigurationError('direction not given',) in wrapper <pybindgen.cppmethod.CppConstructor object at 0x7f2a5dd44510>
  warnings.warn("exception %r in wrapper %s" % (exception, wrapper))
/home/jimmy/Documents/ns-allinone-3.13/ns-3.13/src/energy/bindings/modulegen__gcc_LP64.py:9: UserWarning: exception TypeConfigurationError('direction not given',) in wrapper public: retval? ???::CopyAllFrom (params?);
  warnings.warn("exception %r in wrapper %s" % (exception, wrapper))
/home/jimmy/Documents/ns-allinone-3.13/ns-3.13/src/energy/bindings/modulegen__gcc_LP64.py:9: UserWarning: exception TypeConfigurationError('direction not given',) in wrapper public: retval? ???::CopyAllTo (params?) const;
  warnings.warn("exception %r in wrapper %s" % (exception, wrapper))
/home/jimmy/Documents/ns-allinone-3.13/ns-3.13/src/energy/bindings/modulegen__gcc_LP64.py:9: UserWarning: exception TypeConfigurationError('direction not given',) in wrapper public: retval? ???::CopyFrom (params?);
  warnings.warn("exception %r in wrapper %s" % (exception, wrapper))
/home/jimmy/Documents/ns-allinone-3.13/ns-3.13/src/energy/bindings/modulegen__gcc_LP64.py:9: UserWarning: exception TypeConfigurationError('direction not given',) in wrapper public: retval? ???::CopyTo (params?) const;
  warnings.warn("exception %r in wrapper %s" % (exception, wrapper))
/home/jimmy/Documents/ns-allinone-3.13/ns-3.13/src/energy/bindings/modulegen__gcc_LP64.py:9: UserWarning: exception TypeLookupError(['std::_List_const_iterator< ns3::AttributeConstructionList::Item >'],) in wrapper public: retval? ???::Begin (params?) const;
  warnings.warn("exception %r in wrapper %s" % (exception, wrapper))
/home/jimmy/Documents/ns-allinone-3.13/ns-3.13/src/energy/bindings/modulegen__gcc_LP64.py:9: UserWarning: exception TypeLookupError(['std::_List_const_iterator< ns3::AttributeConstructionList::Item >'],) in wrapper public: retval? ???::End (params?) const;
  warnings.warn("exception %r in wrapper %s" % (exception, wrapper))
/home/jimmy/Documents/ns-allinone-3.13/ns-3.13/src/energy/bindings/modulegen__gcc_LP64.py:9: UserWarning: exception TypeLookupError(['std::ostream *'],) in wrapper public: retval? ???::CopyData (params?) const;
  warnings.warn("exception %r in wrapper %s" % (exception, wrapper))
/home/jimmy/Documents/ns-allinone-3.13/ns-3.13/src/energy/bindings/modulegen__gcc_LP64.py:9: UserWarning: exception TypeConfigurationError('direction not given',) in wrapper public: retval? ???::CopyData (params?) const;
  warnings.warn("exception %r in wrapper %s" % (exception, wrapper))
/home/jimmy/Documents/ns-allinone-3.13/ns-3.13/src/energy/bindings/modulegen__gcc_LP64.py:9: UserWarning: exception TypeConfigurationError('direction not given',) in wrapper public: retval? ???::Deserialize (params?);
  warnings.warn("exception %r in wrapper %s" % (exception, wrapper))
/home/jimmy/Documents/ns-allinone-3.13/ns-3.13/src/energy/bindings/modulegen__gcc_LP64.py:9: UserWarning: exception TypeLookupError(['uint8_t *'],) in wrapper public: retval? ???::PeekData (params?) const;
  warnings.warn("exception %r in wrapper %s" % (exception, wrapper))
/home/jimmy/Documents/ns-allinone-3.13/ns-3.13/src/energy/bindings/modulegen__gcc_LP64.py:9: UserWarning: exception TypeConfigurationError('direction not given',) in wrapper public: retval? ???::Serialize (params?) const;
  warnings.warn("exception %r in wrapper %s" % (exception, wrapper))
/home/jimmy/Documents/ns-allinone-3.13/ns-3.13/src/energy/bindings/modulegen__gcc_LP64.py:9: UserWarning: exception TypeConfigurationError('direction not given',) in wrapper public: retval? ???::Read (params?);
  warnings.warn("exception %r in wrapper %s" % (exception, wrapper))
/home/jimmy/Documents/ns-allinone-3.13/ns-3.13/src/energy/bindings/modulegen__gcc_LP64.py:9: UserWarning: exception TypeConfigurationError('direction not given',) in wrapper public: retval? ???::Write (params?);
  warnings.warn("exception %r in wrapper %s" % (exception, wrapper))
/home/jimmy/Documents/ns-allinone-3.13/ns-3.13/src/energy/bindings/modulegen__gcc_LP64.py:9: UserWarning: exception TypeLookupError(['__gnu_cxx::__normal_iterator< ns3::Ptr< ns3::DeviceEnergyModel > const, std::vector< ns3::Ptr< ns3::DeviceEnergyModel > > >'],) in wrapper public: retval? ???::Begin (params?) const;
  warnings.warn("exception %r in wrapper %s" % (exception, wrapper))
/home/jimmy/Documents/ns-allinone-3.13/ns-3.13/src/energy/bindings/modulegen__gcc_LP64.py:9: UserWarning: exception TypeLookupError(['__gnu_cxx::__normal_iterator< ns3::Ptr< ns3::DeviceEnergyModel > const, std::vector< ns3::Ptr< ns3::DeviceEnergyModel > > >'],) in wrapper public: retval? ???::End (params?) const;
  warnings.warn("exception %r in wrapper %s" % (exception, wrapper))
/home/jimmy/Documents/ns-allinone-3.13/ns-3.13/src/energy/bindings/modulegen__gcc_LP64.py:9: UserWarning: exception TypeLookupError(['ns3::Ptr< ns3::EventImpl > &'],) in wrapper <pybindgen.cppmethod.CppConstructor object at 0x7f2a5dc197d0>
  warnings.warn("exception %r in wrapper %s" % (exception, wrapper))
/home/jimmy/Documents/ns-allinone-3.13/ns-3.13/src/energy/bindings/modulegen__gcc_LP64.py:9: UserWarning: exception TypeConfigurationError('Either caller_owns_return or self.reference_existing_object must be given',) in wrapper public: retval? ???::PeekEventImpl (params?) const;
  warnings.warn("exception %r in wrapper %s" % (exception, wrapper))
/home/jimmy/Documents/ns-allinone-3.13/ns-3.13/src/energy/bindings/modulegen__gcc_LP64.py:9: UserWarning: exception TypeLookupError(['std::ostream &'],) in wrapper public: retval? ???::Print (params?) const;
  warnings.warn("exception %r in wrapper %s" % (exception, wrapper))
/home/jimmy/Documents/ns-allinone-3.13/ns-3.13/src/energy/bindings/modulegen__gcc_LP64.py:9: UserWarning: exception TypeConfigurationError('direction not given',) in wrapper <pybindgen.cppmethod.CppConstructor object at 0x7f2a5db7ba90>
  warnings.warn("exception %r in wrapper %s" % (exception, wrapper))
/home/jimmy/Documents/ns-allinone-3.13/ns-3.13/src/energy/bindings/modulegen__gcc_LP64.py:9: UserWarning: exception TypeConfigurationError('direction not given',) in wrapper public: retval? ???::GetBytes (params?) const;
  warnings.warn("exception %r in wrapper %s" % (exception, wrapper))
/home/jimmy/Documents/ns-allinone-3.13/ns-3.13/src/energy/bindings/modulegen__gcc_LP64.py:9: UserWarning: exception TypeLookupError(['ns3::Mac48Address'],) in wrapper public: retval? ???::MakeAutoconfiguredAddress (params?);
  warnings.warn("exception %r in wrapper %s" % (exception, wrapper))
/home/jimmy/Documents/ns-allinone-3.13/ns-3.13/src/energy/bindings/modulegen__gcc_LP64.py:9: UserWarning: exception TypeLookupError(['ns3::Mac48Address'],) in wrapper public: retval? ???::MakeAutoconfiguredLinkLocalAddress (params?);
  warnings.warn("exception %r in wrapper %s" % (exception, wrapper))
/home/jimmy/Documents/ns-allinone-3.13/ns-3.13/src/energy/bindings/modulegen__gcc_LP64.py:9: UserWarning: exception TypeConfigurationError('direction not given',) in wrapper public: retval? ???::Set (params?);
  warnings.warn("exception %r in wrapper %s" % (exception, wrapper))
/home/jimmy/Documents/ns-allinone-3.13/ns-3.13/src/energy/bindings/modulegen__gcc_LP64.py:9: UserWarning: exception TypeConfigurationError('direction not given',) in wrapper <pybindgen.cppmethod.CppConstructor object at 0x7f2a5db401d0>
  warnings.warn("exception %r in wrapper %s" % (exception, wrapper))
/home/jimmy/Documents/ns-allinone-3.13/ns-3.13/src/energy/bindings/modulegen__gcc_LP64.py:9: UserWarning: exception TypeLookupError(['__gnu_cxx::__normal_iterator< ns3::Ptr< ns3::NetDevice > const, std::vector< ns3::Ptr< ns3::NetDevice > > >'],) in wrapper public: retval? ???::Begin (params?) const;
  warnings.warn("exception %r in wrapper %s" % (exception, wrapper))
/home/jimmy/Documents/ns-allinone-3.13/ns-3.13/src/energy/bindings/modulegen__gcc_LP64.py:9: UserWarning: exception TypeLookupError(['__gnu_cxx::__normal_iterator< ns3::Ptr< ns3::NetDevice > const, std::vector< ns3::Ptr< ns3::NetDevice > > >'],) in wrapper public: retval? ???::End (params?) const;
  warnings.warn("exception %r in wrapper %s" % (exception, wrapper))
/home/jimmy/Documents/ns-allinone-3.13/ns-3.13/src/energy/bindings/modulegen__gcc_LP64.py:9: UserWarning: exception TypeLookupError(['__gnu_cxx::__normal_iterator< ns3::Ptr< ns3::Node > const, std::vector< ns3::Ptr< ns3::Node > > >'],) in wrapper public: retval? ???::Begin (params?) const;
  warnings.warn("exception %r in wrapper %s" % (exception, wrapper))
/home/jimmy/Documents/ns-allinone-3.13/ns-3.13/src/energy/bindings/modulegen__gcc_LP64.py:9: UserWarning: exception TypeLookupError(['__gnu_cxx::__normal_iterator< ns3::Ptr< ns3::Node > const, std::vector< ns3::Ptr< ns3::Node > > >'],) in wrapper public: retval? ???::End (params?) const;
  warnings.warn("exception %r in wrapper %s" % (exception, wrapper))
/home/jimmy/Documents/ns-allinone-3.13/ns-3.13/src/energy/bindings/modulegen__gcc_LP64.py:9: UserWarning: exception TypeConfigurationError('Missing transfer_ownership option',) in wrapper public: retval? ???::Delete (params?);
  warnings.warn("exception %r in wrapper %s" % (exception, wrapper))
/home/jimmy/Documents/ns-allinone-3.13/ns-3.13/src/energy/bindings/modulegen__gcc_LP64.py:9: UserWarning: exception TypeLookupError(['uint8_t [ 20 ]'],) in wrapper None
  warnings.warn("exception %r in wrapper %s" % (exception, wrapper))
/home/jimmy/Documents/ns-allinone-3.13/ns-3.13/src/energy/bindings/modulegen__gcc_LP64.py:9: UserWarning: exception TypeConfigurationError('Either caller_owns_return or self.reference_existing_object must be given',) in wrapper None
  warnings.warn("exception %r in wrapper %s" % (exception, wrapper))
/home/jimmy/Documents/ns-allinone-3.13/ns-3.13/src/energy/bindings/modulegen__gcc_LP64.py:9: UserWarning: exception TypeLookupError(['std::ostream &'],) in wrapper public: virtual retval? ???::Print (params?) const = 0;
  warnings.warn("exception %r in wrapper %s" % (exception, wrapper))
/home/jimmy/Documents/ns-allinone-3.13/ns-3.13/src/energy/bindings/modulegen__gcc_LP64.py:9: UserWarning: exception TypeConfigurationError('direction not given',) in wrapper <pybindgen.cppmethod.CppConstructor object at 0x7f2a5da132d0>
  warnings.warn("exception %r in wrapper %s" % (exception, wrapper))
/home/jimmy/Documents/ns-allinone-3.13/ns-3.13/src/energy/bindings/modulegen__gcc_LP64.py:9: UserWarning: exception TypeLookupError(['ns3::Callback< ns3::ObjectBase *, ns3::empty, ns3::empty, ns3::empty, ns3::empty, ns3::empty, ns3::empty, ns3::empty, ns3::empty, ns3::empty >'],) in wrapper public: retval? ???::GetConstructor (params?) const;
  warnings.warn("exception %r in wrapper %s" % (exception, wrapper))
/home/jimmy/Documents/ns-allinone-3.13/ns-3.13/src/energy/bindings/modulegen__gcc_LP64.py:9: UserWarning: exception TypeConfigurationError('Missing transfer_ownership option',) in wrapper public: retval? ???::LookupAttributeByName (params?) const;
  warnings.warn("exception %r in wrapper %s" % (exception, wrapper))
/home/jimmy/Documents/ns-allinone-3.13/ns-3.13/src/energy/bindings/modulegen__gcc_LP64.py:9: UserWarning: exception TypeLookupError(['short unsigned int'],) in wrapper None
  warnings.warn("exception %r in wrapper %s" % (exception, wrapper))
/home/jimmy/Documents/ns-allinone-3.13/ns-3.13/src/energy/bindings/modulegen__gcc_LP64.py:9: UserWarning: exception TypeLookupError(['ns3::Ptr< ns3::WifiChannel >', 'ns3::WifiChannel *'],) in wrapper public: virtual retval? ???::GetChannel (params?) const = 0;
  warnings.warn("exception %r in wrapper %s" % (exception, wrapper))
/home/jimmy/Documents/ns-allinone-3.13/ns-3.13/src/energy/bindings/modulegen__gcc_LP64.py:9: UserWarning: exception TypeConfigurationError('Missing transfer_ownership option',) in wrapper public: virtual retval? ???::RegisterListener (params?) = 0;
  warnings.warn("exception %r in wrapper %s" % (exception, wrapper))
/home/jimmy/Documents/ns-allinone-3.13/ns-3.13/src/energy/bindings/modulegen__gcc_LP64.py:9: UserWarning: exception TypeLookupError(['ns3::Callback< void, ns3::Ptr< ns3::Packet const >, double, ns3::empty, ns3::empty, ns3::empty, ns3::empty, ns3::empty, ns3::empty, ns3::empty >'],) in wrapper public: virtual retval? ???::SetReceiveErrorCallback (params?) = 0;
  warnings.warn("exception %r in wrapper %s" % (exception, wrapper))
/home/jimmy/Documents/ns-allinone-3.13/ns-3.13/src/energy/bindings/modulegen__gcc_LP64.py:9: UserWarning: exception TypeLookupError(['ns3::Callback< void, ns3::Ptr< ns3::Packet >, double, ns3::WifiMode, ns3::WifiPreamble, ns3::empty, ns3::empty, ns3::empty, ns3::empty, ns3::empty >'],) in wrapper public: virtual retval? ???::SetReceiveOkCallback (params?) = 0;
  warnings.warn("exception %r in wrapper %s" % (exception, wrapper))
/home/jimmy/Documents/ns-allinone-3.13/ns-3.13/src/energy/bindings/modulegen__gcc_LP64.py:9: UserWarning: exception TypeLookupError(['__gnu_cxx::__normal_iterator< ns3::Ptr< ns3::EnergySource > const, std::vector< ns3::Ptr< ns3::EnergySource > > >'],) in wrapper public: retval? ???::Begin (params?) const;
  warnings.warn("exception %r in wrapper %s" % (exception, wrapper))
/home/jimmy/Documents/ns-allinone-3.13/ns-3.13/src/energy/bindings/modulegen__gcc_LP64.py:9: UserWarning: exception TypeLookupError(['__gnu_cxx::__normal_iterator< ns3::Ptr< ns3::EnergySource > const, std::vector< ns3::Ptr< ns3::EnergySource > > >'],) in wrapper public: retval? ???::End (params?) const;
  warnings.warn("exception %r in wrapper %s" % (exception, wrapper))
/home/jimmy/Documents/ns-allinone-3.13/ns-3.13/src/energy/bindings/modulegen__gcc_LP64.py:9: UserWarning: exception TypeLookupError(['ns3::Ptr< ns3::Channel >', 'ns3::Channel *'],) in wrapper public: virtual retval? ???::GetChannel (params?) const = 0;
  warnings.warn("exception %r in wrapper %s" % (exception, wrapper))
/home/jimmy/Documents/ns-allinone-3.13/ns-3.13/src/energy/bindings/modulegen__gcc_LP64.py:9: UserWarning: exception TypeLookupError(['ns3::Callback< bool, ns3::Ptr< ns3::NetDevice >, ns3::Ptr< ns3::Packet const >, short unsigned int, ns3::Address const &, ns3::Address const &, ns3::NetDevice::PacketType, ns3::empty, ns3::empty, ns3::empty >'],) in wrapper public: virtual retval? ???::SetPromiscReceiveCallback (params?) = 0;
  warnings.warn("exception %r in wrapper %s" % (exception, wrapper))
/home/jimmy/Documents/ns-allinone-3.13/ns-3.13/src/energy/bindings/modulegen__gcc_LP64.py:9: UserWarning: exception TypeLookupError(['ns3::Callback< bool, ns3::Ptr< ns3::NetDevice >, ns3::Ptr< ns3::Packet const >, short unsigned int, ns3::Address const &, ns3::empty, ns3::empty, ns3::empty, ns3::empty, ns3::empty >'],) in wrapper public: virtual retval? ???::SetReceiveCallback (params?) = 0;
  warnings.warn("exception %r in wrapper %s" % (exception, wrapper))
/home/jimmy/Documents/ns-allinone-3.13/ns-3.13/src/energy/bindings/modulegen__gcc_LP64.py:9: UserWarning: exception TypeLookupError(['ns3::Ptr< ns3::Application >', 'ns3::Application *'],) in wrapper public: retval? ???::AddApplication (params?);
  warnings.warn("exception %r in wrapper %s" % (exception, wrapper))
/home/jimmy/Documents/ns-allinone-3.13/ns-3.13/src/energy/bindings/modulegen__gcc_LP64.py:9: UserWarning: exception TypeLookupError(['ns3::Ptr< ns3::Application >', 'ns3::Application *'],) in wrapper public: retval? ???::GetApplication (params?) const;
  warnings.warn("exception %r in wrapper %s" % (exception, wrapper))
/home/jimmy/Documents/ns-allinone-3.13/ns-3.13/src/energy/bindings/modulegen__gcc_LP64.py:9: UserWarning: exception TypeLookupError(['ns3::Callback< void, ns3::Ptr< ns3::NetDevice >, ns3::empty, ns3::empty, ns3::empty, ns3::empty, ns3::empty, ns3::empty, ns3::empty, ns3::empty >'],) in wrapper public: retval? ???::RegisterDeviceAdditionListener (params?);
  warnings.warn("exception %r in wrapper %s" % (exception, wrapper))
/home/jimmy/Documents/ns-allinone-3.13/ns-3.13/src/energy/bindings/modulegen__gcc_LP64.py:9: UserWarning: exception TypeLookupError(['ns3::Callback< void, ns3::Ptr< ns3::NetDevice >, ns3::empty, ns3::empty, ns3::empty, ns3::empty, ns3::empty, ns3::empty, ns3::empty, ns3::empty >'],) in wrapper public: retval? ???::UnregisterDeviceAdditionListener (params?);
  warnings.warn("exception %r in wrapper %s" % (exception, wrapper))
/home/jimmy/Documents/ns-allinone-3.13/ns-3.13/src/energy/bindings/modulegen__gcc_LP64.py:9: UserWarning: exception TypeConfigurationError('direction not given',) in wrapper <pybindgen.cppmethod.CppConstructor object at 0x7f2a5d3d4810>
  warnings.warn("exception %r in wrapper %s" % (exception, wrapper))
/home/jimmy/Documents/ns-allinone-3.13/ns-3.13/src/energy/bindings/modulegen__gcc_LP64.py:9: UserWarning: exception TypeConfigurationError('direction not given',) in wrapper <pybindgen.cppmethod.CppConstructor object at 0x7f2a5d3d4850>
  warnings.warn("exception %r in wrapper %s" % (exception, wrapper))
/home/jimmy/Documents/ns-allinone-3.13/ns-3.13/src/energy/bindings/modulegen__gcc_LP64.py:9: UserWarning: exception TypeLookupError(['std::ostream &'],) in wrapper public: retval? ???::PrintByteTags (params?) const;
  warnings.warn("exception %r in wrapper %s" % (exception, wrapper))
/home/jimmy/Documents/ns-allinone-3.13/ns-3.13/src/energy/bindings/modulegen__gcc_LP64.py:9: UserWarning: exception TypeLookupError(['std::ostream &'],) in wrapper public: retval? ???::PrintPacketTags (params?) const;
  warnings.warn("exception %r in wrapper %s" % (exception, wrapper))
/home/jimmy/Documents/ns-allinone-3.13/ns-3.13/src/energy/bindings/modulegen__gcc_LP64.py:9: UserWarning: exception TypeConfigurationError('Either caller_owns_return or self.reference_existing_object must be given',) in wrapper public: retval? ???::GetPhyListener (params?);
  warnings.warn("exception %r in wrapper %s" % (exception, wrapper))
/home/jimmy/Documents/ns-allinone-3.13/ns-3.13/src/energy/bindings/modulegen__gcc_LP64.py:9: UserWarning: exception CodeGenerationError('ns3::AttributeValue cannot be constructed (have pure virtual methods but no helper class)',) in wrapper public: virtual void ns3::DeviceEnergyModelHelper::Set (std::string name, ns3::AttributeValue const & v) = 0;
  warnings.warn("exception %r in wrapper %s" % (exception, wrapper))
/home/jimmy/Documents/ns-allinone-3.13/ns-3.13/src/energy/bindings/modulegen__gcc_LP64.py:9: UserWarning: exception CodeGenerationError('ns3::AttributeValue cannot be constructed (have pure virtual methods but no helper class)',) in wrapper public: virtual void ns3::EnergySourceHelper::Set (std::string name, ns3::AttributeValue const & v) = 0;
  warnings.warn("exception %r in wrapper %s" % (exception, wrapper))
/home/jimmy/Documents/ns-allinone-3.13/ns-3.13/src/energy/bindings/modulegen__gcc_LP64.py:9: UserWarning: exception CodeGenerationError('ns3::AttributeValue cannot be constructed (have pure virtual methods but no helper class)',) in wrapper public: virtual void ns3::RvBatteryModelHelper::Set (std::string name, ns3::AttributeValue const & v);
  warnings.warn("exception %r in wrapper %s" % (exception, wrapper))
/home/jimmy/Documents/ns-allinone-3.13/pybindgen-0.15.0.795/pybindgen/cppclass_typehandlers.py:1134: UserWarning: Returning shared pointers is dangerous!  The C++ API should be redesigned to avoid this situation.
  warnings.warn("Returning shared pointers is dangerous!"
/home/jimmy/Documents/ns-allinone-3.13/ns-3.13/src/energy/bindings/modulegen__gcc_LP64.py:9: UserWarning: exception CodeGenerationError('ns3::AttributeValue cannot be constructed (have pure virtual methods but no helper class)',) in wrapper public: virtual void ns3::WifiRadioEnergyModelHelper::Set (std::string name, ns3::AttributeValue const & v);
  warnings.warn("exception %r in wrapper %s" % (exception, wrapper))
/home/jimmy/Documents/ns-allinone-3.13/ns-3.13/src/energy/bindings/modulegen__gcc_LP64.py:9: UserWarning: exception CodeGenerationError('ns3::AttributeValue cannot be constructed (have pure virtual methods but no helper class)',) in wrapper public: virtual void ns3::BasicEnergySourceHelper::Set (std::string name, ns3::AttributeValue const & v);
  warnings.warn("exception %r in wrapper %s" % (exception, wrapper))
/home/jimmy/Documents/ns-allinone-3.13/ns-3.13/src/energy/bindings/modulegen__gcc_LP64.py:9: UserWarning: exception CodeGenerationError('ns3::DeviceEnergyModelHelper cannot be constructed (have pure virtual methods but no helper class)',) in wrapper <pybindgen.CppClass 'ns3::DeviceEnergyModelHelper'>
  warnings.warn("exception %r in wrapper %s" % (exception, wrapper))
/home/jimmy/Documents/ns-allinone-3.13/ns-3.13/src/energy/bindings/modulegen__gcc_LP64.py:9: UserWarning: exception CodeGenerationError('ns3::EnergySourceHelper cannot be constructed (have pure virtual methods but no helper class)',) in wrapper <pybindgen.CppClass 'ns3::EnergySourceHelper'>
  warnings.warn("exception %r in wrapper %s" % (exception, wrapper))
/home/jimmy/Documents/ns-allinone-3.13/ns-3.13/src/energy/bindings/modulegen__gcc_LP64.py:9: UserWarning: exception CodeGenerationError('ns3::DeviceEnergyModel cannot be constructed (class has pure virtual methods)',) in wrapper <pybindgen.CppClass 'ns3::DeviceEnergyModel'>
  warnings.warn("exception %r in wrapper %s" % (exception, wrapper))
/home/jimmy/Documents/ns-allinone-3.13/ns-3.13/src/energy/bindings/modulegen__gcc_LP64.py:9: UserWarning: exception CodeGenerationError('ns3::EnergySource cannot be constructed (class has pure virtual methods)',) in wrapper <pybindgen.CppClass 'ns3::EnergySource'>
  warnings.warn("exception %r in wrapper %s" % (exception, wrapper))
