>>>>>>>>>>>>>>>> [['bool', 'ns3::Ptr<ns3::NetDevice>', 'ns3::Ptr<ns3::Packet const>', 'unsigned short', 'ns3::Address const&', 'ns3::Address const&', 'ns3::NetDevice::PacketType', 'ns3::empty', 'ns3::empty', 'ns3::empty'], ['bool', 'ns3::Ptr<ns3::NetDevice>', 'ns3::Ptr<ns3::Packet const>', 'unsigned short', 'ns3::Address const&', 'ns3::empty', 'ns3::empty', 'ns3::empty', 'ns3::empty', 'ns3::empty']]
/home/jimmy/Documents/ns-allinone-3.13/ns-3.13/bindings/python/ns3modulegen_core_customizations.py:225: Warning: ***** Unable to register callback; parameter 'ns3::Ptr<ns3::Packet const> arg2' error (used in ns3::Callback< bool, ns3::Ptr<ns3::NetDevice>, ns3::Ptr<ns3::Packet const>, unsigned short, ns3::Address const&, ns3::Address const&, ns3::NetDevice::PacketType, ns3::empty, ns3::empty, ns3::empty >): TypeLookupError(['ns3::Ptr< ns3::Packet const >', 'ns3::Packet *'],)
  Warning)
/home/jimmy/Documents/ns-allinone-3.13/ns-3.13/bindings/python/ns3modulegen_core_customizations.py:225: Warning: ***** Unable to register callback; parameter 'ns3::Ptr<ns3::Packet const> arg2' error (used in ns3::Callback< bool, ns3::Ptr<ns3::NetDevice>, ns3::Ptr<ns3::Packet const>, unsigned short, ns3::Address const&, ns3::empty, ns3::empty, ns3::empty, ns3::empty, ns3::empty >): TypeLookupError(['ns3::Ptr< ns3::Packet const >', 'ns3::Packet *'],)
  Warning)
/home/jimmy/Documents/ns-allinone-3.13/ns-3.13/src/bridge/bindings/modulegen__gcc_LP64.py:9: UserWarning: exception TypeConfigurationError('direction not given',) in wrapper <pybindgen.cppmethod.CppConstructor object at 0x7fd2ef2cb810>
  warnings.warn("exception %r in wrapper %s" % (exception, wrapper))
/home/jimmy/Documents/ns-allinone-3.13/ns-3.13/src/bridge/bindings/modulegen__gcc_LP64.py:9: UserWarning: exception TypeConfigurationError('direction not given',) in wrapper public: retval? ???::CopyAllFrom (params?);
  warnings.warn("exception %r in wrapper %s" % (exception, wrapper))
/home/jimmy/Documents/ns-allinone-3.13/ns-3.13/src/bridge/bindings/modulegen__gcc_LP64.py:9: UserWarning: exception TypeConfigurationError('direction not given',) in wrapper public: retval? ???::CopyAllTo (params?) const;
  warnings.warn("exception %r in wrapper %s" % (exception, wrapper))
/home/jimmy/Documents/ns-allinone-3.13/ns-3.13/src/bridge/bindings/modulegen__gcc_LP64.py:9: UserWarning: exception TypeConfigurationError('direction not given',) in wrapper public: retval? ???::CopyFrom (params?);
  warnings.warn("exception %r in wrapper %s" % (exception, wrapper))
/home/jimmy/Documents/ns-allinone-3.13/ns-3.13/src/bridge/bindings/modulegen__gcc_LP64.py:9: UserWarning: exception TypeConfigurationError('direction not given',) in wrapper public: retval? ???::CopyTo (params?) const;
  warnings.warn("exception %r in wrapper %s" % (exception, wrapper))
/home/jimmy/Documents/ns-allinone-3.13/ns-3.13/src/bridge/bindings/modulegen__gcc_LP64.py:9: UserWarning: exception TypeLookupError(['std::_List_const_iterator< ns3::AttributeConstructionList::Item >'],) in wrapper public: retval? ???::Begin (params?) const;
  warnings.warn("exception %r in wrapper %s" % (exception, wrapper))
/home/jimmy/Documents/ns-allinone-3.13/ns-3.13/src/bridge/bindings/modulegen__gcc_LP64.py:9: UserWarning: exception TypeLookupError(['std::_List_const_iterator< ns3::AttributeConstructionList::Item >'],) in wrapper public: retval? ???::End (params?) const;
  warnings.warn("exception %r in wrapper %s" % (exception, wrapper))
/home/jimmy/Documents/ns-allinone-3.13/ns-3.13/src/bridge/bindings/modulegen__gcc_LP64.py:9: UserWarning: exception TypeLookupError(['ns3::Ptr< ns3::Node >', 'ns3::Node *'],) in wrapper public: retval? ???::Install (params?);
  warnings.warn("exception %r in wrapper %s" % (exception, wrapper))
/home/jimmy/Documents/ns-allinone-3.13/ns-3.13/src/bridge/bindings/modulegen__gcc_LP64.py:9: UserWarning: exception TypeConfigurationError('direction not given',) in wrapper public: retval? ???::Deserialize (params?);
  warnings.warn("exception %r in wrapper %s" % (exception, wrapper))
/home/jimmy/Documents/ns-allinone-3.13/ns-3.13/src/bridge/bindings/modulegen__gcc_LP64.py:9: UserWarning: exception TypeLookupError(['std::ostream &'],) in wrapper public: retval? ???::Print (params?) const;
  warnings.warn("exception %r in wrapper %s" % (exception, wrapper))
/home/jimmy/Documents/ns-allinone-3.13/ns-3.13/src/bridge/bindings/modulegen__gcc_LP64.py:9: UserWarning: exception TypeConfigurationError('direction not given',) in wrapper public: retval? ???::Serialize (params?) const;
  warnings.warn("exception %r in wrapper %s" % (exception, wrapper))
/home/jimmy/Documents/ns-allinone-3.13/ns-3.13/src/bridge/bindings/modulegen__gcc_LP64.py:9: UserWarning: exception TypeConfigurationError('direction not given',) in wrapper <pybindgen.cppmethod.CppConstructor object at 0x7fd2ef1e9910>
  warnings.warn("exception %r in wrapper %s" % (exception, wrapper))
/home/jimmy/Documents/ns-allinone-3.13/ns-3.13/src/bridge/bindings/modulegen__gcc_LP64.py:9: UserWarning: exception TypeConfigurationError('direction not given',) in wrapper public: retval? ???::GetBytes (params?) const;
  warnings.warn("exception %r in wrapper %s" % (exception, wrapper))
/home/jimmy/Documents/ns-allinone-3.13/ns-3.13/src/bridge/bindings/modulegen__gcc_LP64.py:9: UserWarning: exception TypeConfigurationError('direction not given',) in wrapper public: retval? ???::Set (params?);
  warnings.warn("exception %r in wrapper %s" % (exception, wrapper))
/home/jimmy/Documents/ns-allinone-3.13/ns-3.13/src/bridge/bindings/modulegen__gcc_LP64.py:9: UserWarning: exception TypeConfigurationError('direction not given',) in wrapper <pybindgen.cppmethod.CppConstructor object at 0x7fd2ef1a3cd0>
  warnings.warn("exception %r in wrapper %s" % (exception, wrapper))
/home/jimmy/Documents/ns-allinone-3.13/ns-3.13/src/bridge/bindings/modulegen__gcc_LP64.py:9: UserWarning: exception TypeLookupError(['__gnu_cxx::__normal_iterator< ns3::Ptr< ns3::NetDevice > const, std::vector< ns3::Ptr< ns3::NetDevice > > >'],) in wrapper public: retval? ???::Begin (params?) const;
  warnings.warn("exception %r in wrapper %s" % (exception, wrapper))
/home/jimmy/Documents/ns-allinone-3.13/ns-3.13/src/bridge/bindings/modulegen__gcc_LP64.py:9: UserWarning: exception TypeLookupError(['__gnu_cxx::__normal_iterator< ns3::Ptr< ns3::NetDevice > const, std::vector< ns3::Ptr< ns3::NetDevice > > >'],) in wrapper public: retval? ???::End (params?) const;
  warnings.warn("exception %r in wrapper %s" % (exception, wrapper))
/home/jimmy/Documents/ns-allinone-3.13/ns-3.13/src/bridge/bindings/modulegen__gcc_LP64.py:9: UserWarning: exception TypeConfigurationError('Missing transfer_ownership option',) in wrapper public: retval? ???::Delete (params?);
  warnings.warn("exception %r in wrapper %s" % (exception, wrapper))
/home/jimmy/Documents/ns-allinone-3.13/ns-3.13/src/bridge/bindings/modulegen__gcc_LP64.py:9: UserWarning: exception TypeConfigurationError('direction not given',) in wrapper <pybindgen.cppmethod.CppConstructor object at 0x7fd2ef150950>
  warnings.warn("exception %r in wrapper %s" % (exception, wrapper))
/home/jimmy/Documents/ns-allinone-3.13/ns-3.13/src/bridge/bindings/modulegen__gcc_LP64.py:9: UserWarning: exception TypeConfigurationError('direction not given',) in wrapper public: retval? ???::Read (params?);
  warnings.warn("exception %r in wrapper %s" % (exception, wrapper))
/home/jimmy/Documents/ns-allinone-3.13/ns-3.13/src/bridge/bindings/modulegen__gcc_LP64.py:9: UserWarning: exception TypeConfigurationError('direction not given',) in wrapper public: retval? ???::Write (params?);
  warnings.warn("exception %r in wrapper %s" % (exception, wrapper))
/home/jimmy/Documents/ns-allinone-3.13/ns-3.13/src/bridge/bindings/modulegen__gcc_LP64.py:9: UserWarning: exception TypeLookupError(['ns3::Callback< ns3::ObjectBase *, ns3::empty, ns3::empty, ns3::empty, ns3::empty, ns3::empty, ns3::empty, ns3::empty, ns3::empty, ns3::empty >'],) in wrapper public: retval? ???::GetConstructor (params?) const;
  warnings.warn("exception %r in wrapper %s" % (exception, wrapper))
/home/jimmy/Documents/ns-allinone-3.13/ns-3.13/src/bridge/bindings/modulegen__gcc_LP64.py:9: UserWarning: exception TypeConfigurationError('Missing transfer_ownership option',) in wrapper public: retval? ???::LookupAttributeByName (params?) const;
  warnings.warn("exception %r in wrapper %s" % (exception, wrapper))
/home/jimmy/Documents/ns-allinone-3.13/ns-3.13/src/bridge/bindings/modulegen__gcc_LP64.py:9: UserWarning: exception TypeLookupError(['short unsigned int'],) in wrapper None
  warnings.warn("exception %r in wrapper %s" % (exception, wrapper))
/home/jimmy/Documents/ns-allinone-3.13/ns-3.13/src/bridge/bindings/modulegen__gcc_LP64.py:9: UserWarning: exception TypeLookupError(['ns3::Callback< void, ns3::empty, ns3::empty, ns3::empty, ns3::empty, ns3::empty, ns3::empty, ns3::empty, ns3::empty, ns3::empty >'],) in wrapper public: virtual retval? ???::AddLinkChangeCallback (params?) = 0;
  warnings.warn("exception %r in wrapper %s" % (exception, wrapper))
/home/jimmy/Documents/ns-allinone-3.13/ns-3.13/src/bridge/bindings/modulegen__gcc_LP64.py:9: UserWarning: exception TypeLookupError(['ns3::Ptr< ns3::Node >', 'ns3::Node *'],) in wrapper public: virtual retval? ???::GetNode (params?) const = 0;
  warnings.warn("exception %r in wrapper %s" % (exception, wrapper))
/home/jimmy/Documents/ns-allinone-3.13/ns-3.13/src/bridge/bindings/modulegen__gcc_LP64.py:9: UserWarning: exception TypeLookupError(['ns3::Ptr< ns3::Packet >', 'ns3::Packet *'],) in wrapper public: virtual retval? ???::Send (params?) = 0;
  warnings.warn("exception %r in wrapper %s" % (exception, wrapper))
/home/jimmy/Documents/ns-allinone-3.13/ns-3.13/src/bridge/bindings/modulegen__gcc_LP64.py:9: UserWarning: exception TypeLookupError(['ns3::Ptr< ns3::Packet >', 'ns3::Packet *'],) in wrapper public: virtual retval? ???::SendFrom (params?) = 0;
  warnings.warn("exception %r in wrapper %s" % (exception, wrapper))
/home/jimmy/Documents/ns-allinone-3.13/ns-3.13/src/bridge/bindings/modulegen__gcc_LP64.py:9: UserWarning: exception TypeLookupError(['ns3::Ptr< ns3::Node >', 'ns3::Node *'],) in wrapper public: virtual retval? ???::SetNode (params?) = 0;
  warnings.warn("exception %r in wrapper %s" % (exception, wrapper))
/home/jimmy/Documents/ns-allinone-3.13/ns-3.13/src/bridge/bindings/modulegen__gcc_LP64.py:9: UserWarning: exception TypeLookupError(['ns3::Callback< bool, ns3::Ptr< ns3::NetDevice >, ns3::Ptr< ns3::Packet const >, unsigned short, ns3::Address const &, ns3::Address const &, ns3::NetDevice::PacketType, ns3::empty, ns3::empty, ns3::empty >'],) in wrapper public: virtual retval? ???::SetPromiscReceiveCallback (params?) = 0;
  warnings.warn("exception %r in wrapper %s" % (exception, wrapper))
/home/jimmy/Documents/ns-allinone-3.13/ns-3.13/src/bridge/bindings/modulegen__gcc_LP64.py:9: UserWarning: exception TypeLookupError(['ns3::Callback< bool, ns3::Ptr< ns3::NetDevice >, ns3::Ptr< ns3::Packet const >, unsigned short, ns3::Address const &, ns3::empty, ns3::empty, ns3::empty, ns3::empty, ns3::empty >'],) in wrapper public: virtual retval? ???::SetReceiveCallback (params?) = 0;
  warnings.warn("exception %r in wrapper %s" % (exception, wrapper))
/home/jimmy/Documents/ns-allinone-3.13/ns-3.13/src/bridge/bindings/modulegen__gcc_LP64.py:9: UserWarning: exception TypeLookupError(['ns3::Callback< void, ns3::empty, ns3::empty, ns3::empty, ns3::empty, ns3::empty, ns3::empty, ns3::empty, ns3::empty, ns3::empty >'],) in wrapper public: virtual retval? ???::AddLinkChangeCallback (params?);
  warnings.warn("exception %r in wrapper %s" % (exception, wrapper))
/home/jimmy/Documents/ns-allinone-3.13/ns-3.13/src/bridge/bindings/modulegen__gcc_LP64.py:9: UserWarning: exception TypeLookupError(['ns3::Ptr< ns3::Node >', 'ns3::Node *'],) in wrapper public: virtual retval? ???::GetNode (params?) const;
  warnings.warn("exception %r in wrapper %s" % (exception, wrapper))
/home/jimmy/Documents/ns-allinone-3.13/ns-3.13/src/bridge/bindings/modulegen__gcc_LP64.py:9: UserWarning: exception TypeLookupError(['ns3::Ptr< ns3::Packet >', 'ns3::Packet *'],) in wrapper public: virtual retval? ???::Send (params?);
  warnings.warn("exception %r in wrapper %s" % (exception, wrapper))
/home/jimmy/Documents/ns-allinone-3.13/ns-3.13/src/bridge/bindings/modulegen__gcc_LP64.py:9: UserWarning: exception TypeLookupError(['ns3::Ptr< ns3::Packet >', 'ns3::Packet *'],) in wrapper public: virtual retval? ???::SendFrom (params?);
  warnings.warn("exception %r in wrapper %s" % (exception, wrapper))
/home/jimmy/Documents/ns-allinone-3.13/ns-3.13/src/bridge/bindings/modulegen__gcc_LP64.py:9: UserWarning: exception TypeLookupError(['ns3::Ptr< ns3::Node >', 'ns3::Node *'],) in wrapper public: virtual retval? ???::SetNode (params?);
  warnings.warn("exception %r in wrapper %s" % (exception, wrapper))
/home/jimmy/Documents/ns-allinone-3.13/ns-3.13/src/bridge/bindings/modulegen__gcc_LP64.py:9: UserWarning: exception TypeLookupError(['ns3::Callback< bool, ns3::Ptr< ns3::NetDevice >, ns3::Ptr< ns3::Packet const >, unsigned short, ns3::Address const &, ns3::Address const &, ns3::NetDevice::PacketType, ns3::empty, ns3::empty, ns3::empty >'],) in wrapper public: virtual retval? ???::SetPromiscReceiveCallback (params?);
  warnings.warn("exception %r in wrapper %s" % (exception, wrapper))
/home/jimmy/Documents/ns-allinone-3.13/ns-3.13/src/bridge/bindings/modulegen__gcc_LP64.py:9: UserWarning: exception TypeLookupError(['ns3::Callback< bool, ns3::Ptr< ns3::NetDevice >, ns3::Ptr< ns3::Packet const >, unsigned short, ns3::Address const &, ns3::empty, ns3::empty, ns3::empty, ns3::empty, ns3::empty >'],) in wrapper public: virtual retval? ???::SetReceiveCallback (params?);
  warnings.warn("exception %r in wrapper %s" % (exception, wrapper))
/home/jimmy/Documents/ns-allinone-3.13/ns-3.13/src/bridge/bindings/modulegen__gcc_LP64.py:9: UserWarning: exception TypeLookupError(['ns3::Ptr< ns3::Packet const >', 'ns3::Packet *'],) in wrapper protected: retval? ???::ForwardBroadcast (params?);
  warnings.warn("exception %r in wrapper %s" % (exception, wrapper))
/home/jimmy/Documents/ns-allinone-3.13/ns-3.13/src/bridge/bindings/modulegen__gcc_LP64.py:9: UserWarning: exception TypeLookupError(['ns3::Ptr< ns3::Packet const >', 'ns3::Packet *'],) in wrapper protected: retval? ???::ForwardUnicast (params?);
  warnings.warn("exception %r in wrapper %s" % (exception, wrapper))
/home/jimmy/Documents/ns-allinone-3.13/ns-3.13/src/bridge/bindings/modulegen__gcc_LP64.py:9: UserWarning: exception TypeLookupError(['ns3::Ptr< ns3::Packet const >', 'ns3::Packet *'],) in wrapper protected: retval? ???::ReceiveFromDevice (params?);
  warnings.warn("exception %r in wrapper %s" % (exception, wrapper))
/home/jimmy/Documents/ns-allinone-3.13/pybindgen-0.15.0.795/pybindgen/cppclass_typehandlers.py:1134: UserWarning: Returning shared pointers is dangerous!  The C++ API should be redesigned to avoid this situation.
  warnings.warn("Returning shared pointers is dangerous!"
