>>>>>>>>>>>>>>>> [['void', 'ns3::empty', 'ns3::empty', 'ns3::empty', 'ns3::empty', 'ns3::empty', 'ns3::empty', 'ns3::empty', 'ns3::empty', 'ns3::empty'], ['bool', 'ns3::Ptr<ns3::NetDevice>', 'ns3::Ptr<ns3::Packet const>', 'unsigned short', 'ns3::Address const&', 'ns3::Address const&', 'ns3::NetDevice::PacketType', 'ns3::empty', 'ns3::empty', 'ns3::empty'], ['bool', 'ns3::Ptr<ns3::NetDevice>', 'ns3::Ptr<ns3::Packet const>', 'unsigned short', 'ns3::Address const&', 'ns3::empty', 'ns3::empty', 'ns3::empty', 'ns3::empty', 'ns3::empty'], ['void', 'ns3::Ptr<ns3::Packet>', 'ns3::WifiMacHeader const*', 'ns3::empty', 'ns3::empty', 'ns3::empty', 'ns3::empty', 'ns3::empty', 'ns3::empty', 'ns3::empty'], ['void', 'ns3::Ptr<ns3::NetDevice>', 'ns3::Ptr<ns3::Packet const>', 'unsigned short', 'ns3::Address const&', 'ns3::Address const&', 'ns3::NetDevice::PacketType', 'ns3::empty', 'ns3::empty', 'ns3::empty'], ['void', 'ns3::WifiMacHeader const&', 'ns3::empty', 'ns3::empty', 'ns3::empty', 'ns3::empty', 'ns3::empty', 'ns3::empty', 'ns3::empty', 'ns3::empty'], ['void', 'ns3::Ptr<ns3::Packet>', 'ns3::Mac48Address', 'ns3::Mac48Address', 'ns3::empty', 'ns3::empty', 'ns3::empty', 'ns3::empty', 'ns3::empty', 'ns3::empty'], ['void', 'ns3::Mac48Address', 'unsigned char', 'ns3::empty', 'ns3::empty', 'ns3::empty', 'ns3::empty', 'ns3::empty', 'ns3::empty', 'ns3::empty'], ['void', 'ns3::Mac48Address', 'unsigned char', 'bool', 'ns3::empty', 'ns3::empty', 'ns3::empty', 'ns3::empty', 'ns3::empty', 'ns3::empty']]
/home/jimmy/Documents/ns-allinone-3.13/ns-3.13/src/wifi/bindings/modulegen__gcc_LP64.py:9: UserWarning: exception TypeLookupError(['std::pair< ns3::Ptr< ns3::Packet >, ns3::AmsduSubframeHeader >'],) in wrapper <pybindgen.Container 'std::list< std::pair< ns3::Ptr< ns3::Packet >, ns3::AmsduSubframeHeader > >'>
  warnings.warn("exception %r in wrapper %s" % (exception, wrapper))
***** registering callback handler: 'ns3::Callback< void, ns3::empty, ns3::empty, ns3::empty, ns3::empty, ns3::empty, ns3::empty, ns3::empty, ns3::empty, ns3::empty >'
***** registering callback handler: 'ns3::Callback< bool, ns3::Ptr< ns3::NetDevice >, ns3::Ptr< ns3::Packet const >, unsigned short, ns3::Address const &, ns3::Address const &, ns3::NetDevice::PacketType, ns3::empty, ns3::empty, ns3::empty >'
***** registering callback handler: 'ns3::Callback< bool, ns3::Ptr< ns3::NetDevice >, ns3::Ptr< ns3::Packet const >, unsigned short, ns3::Address const &, ns3::empty, ns3::empty, ns3::empty, ns3::empty, ns3::empty >'
***** registering callback handler: 'ns3::Callback< void, ns3::Ptr< ns3::Packet >, ns3::WifiMacHeader const *, ns3::empty, ns3::empty, ns3::empty, ns3::empty, ns3::empty, ns3::empty, ns3::empty >'
***** registering callback handler: 'ns3::Callback< void, ns3::Ptr< ns3::NetDevice >, ns3::Ptr< ns3::Packet const >, unsigned short, ns3::Address const &, ns3::Address const &, ns3::NetDevice::PacketType, ns3::empty, ns3::empty, ns3::empty >'
***** registering callback handler: 'ns3::Callback< void, ns3::WifiMacHeader const &, ns3::empty, ns3::empty, ns3::empty, ns3::empty, ns3::empty, ns3::empty, ns3::empty, ns3::empty >'
***** registering callback handler: 'ns3::Callback< void, ns3::Ptr< ns3::Packet >, ns3::Mac48Address, ns3::Mac48Address, ns3::empty, ns3::empty, ns3::empty, ns3::empty, ns3::empty, ns3::empty >'
***** registering callback handler: 'ns3::Callback< void, ns3::Mac48Address, unsigned char, ns3::empty, ns3::empty, ns3::empty, ns3::empty, ns3::empty, ns3::empty, ns3::empty >'
***** registering callback handler: 'ns3::Callback< void, ns3::Mac48Address, unsigned char, bool, ns3::empty, ns3::empty, ns3::empty, ns3::empty, ns3::empty, ns3::empty >'
/home/jimmy/Documents/ns-allinone-3.13/ns-3.13/src/wifi/bindings/modulegen__gcc_LP64.py:9: UserWarning: exception TypeConfigurationError('direction not given',) in wrapper <pybindgen.cppmethod.CppConstructor object at 0x7ff2e9f9ad10>
  warnings.warn("exception %r in wrapper %s" % (exception, wrapper))
/home/jimmy/Documents/ns-allinone-3.13/ns-3.13/src/wifi/bindings/modulegen__gcc_LP64.py:9: UserWarning: exception TypeConfigurationError('direction not given',) in wrapper public: retval? ???::CopyAllFrom (params?);
  warnings.warn("exception %r in wrapper %s" % (exception, wrapper))
/home/jimmy/Documents/ns-allinone-3.13/ns-3.13/src/wifi/bindings/modulegen__gcc_LP64.py:9: UserWarning: exception TypeConfigurationError('direction not given',) in wrapper public: retval? ???::CopyAllTo (params?) const;
  warnings.warn("exception %r in wrapper %s" % (exception, wrapper))
/home/jimmy/Documents/ns-allinone-3.13/ns-3.13/src/wifi/bindings/modulegen__gcc_LP64.py:9: UserWarning: exception TypeConfigurationError('direction not given',) in wrapper public: retval? ???::CopyFrom (params?);
  warnings.warn("exception %r in wrapper %s" % (exception, wrapper))
/home/jimmy/Documents/ns-allinone-3.13/ns-3.13/src/wifi/bindings/modulegen__gcc_LP64.py:9: UserWarning: exception TypeConfigurationError('direction not given',) in wrapper public: retval? ???::CopyTo (params?) const;
  warnings.warn("exception %r in wrapper %s" % (exception, wrapper))
/home/jimmy/Documents/ns-allinone-3.13/ns-3.13/src/wifi/bindings/modulegen__gcc_LP64.py:9: UserWarning: exception TypeLookupError(['std::_List_const_iterator< ns3::AttributeConstructionList::Item >'],) in wrapper public: retval? ???::Begin (params?) const;
  warnings.warn("exception %r in wrapper %s" % (exception, wrapper))
/home/jimmy/Documents/ns-allinone-3.13/ns-3.13/src/wifi/bindings/modulegen__gcc_LP64.py:9: UserWarning: exception TypeLookupError(['std::_List_const_iterator< ns3::AttributeConstructionList::Item >'],) in wrapper public: retval? ???::End (params?) const;
  warnings.warn("exception %r in wrapper %s" % (exception, wrapper))
/home/jimmy/Documents/ns-allinone-3.13/ns-3.13/src/wifi/bindings/modulegen__gcc_LP64.py:9: UserWarning: exception TypeConfigurationError('Missing transfer_ownership option',) in wrapper public: retval? ???::FillBlockAckBitmap (params?);
  warnings.warn("exception %r in wrapper %s" % (exception, wrapper))
/home/jimmy/Documents/ns-allinone-3.13/ns-3.13/src/wifi/bindings/modulegen__gcc_LP64.py:9: UserWarning: exception TypeLookupError(['ns3::MacTxMiddle *'],) in wrapper public: retval? ???::SetTxMiddle (params?);
  warnings.warn("exception %r in wrapper %s" % (exception, wrapper))
/home/jimmy/Documents/ns-allinone-3.13/ns-3.13/src/wifi/bindings/modulegen__gcc_LP64.py:9: UserWarning: exception TypeLookupError(['std::ostream *'],) in wrapper public: retval? ???::CopyData (params?) const;
  warnings.warn("exception %r in wrapper %s" % (exception, wrapper))
/home/jimmy/Documents/ns-allinone-3.13/ns-3.13/src/wifi/bindings/modulegen__gcc_LP64.py:9: UserWarning: exception TypeConfigurationError('direction not given',) in wrapper public: retval? ???::CopyData (params?) const;
  warnings.warn("exception %r in wrapper %s" % (exception, wrapper))
/home/jimmy/Documents/ns-allinone-3.13/ns-3.13/src/wifi/bindings/modulegen__gcc_LP64.py:9: UserWarning: exception TypeConfigurationError('direction not given',) in wrapper public: retval? ???::Deserialize (params?);
  warnings.warn("exception %r in wrapper %s" % (exception, wrapper))
/home/jimmy/Documents/ns-allinone-3.13/ns-3.13/src/wifi/bindings/modulegen__gcc_LP64.py:9: UserWarning: exception TypeLookupError(['uint8_t *'],) in wrapper public: retval? ???::PeekData (params?) const;
  warnings.warn("exception %r in wrapper %s" % (exception, wrapper))
/home/jimmy/Documents/ns-allinone-3.13/ns-3.13/src/wifi/bindings/modulegen__gcc_LP64.py:9: UserWarning: exception TypeConfigurationError('direction not given',) in wrapper public: retval? ???::Serialize (params?) const;
  warnings.warn("exception %r in wrapper %s" % (exception, wrapper))
/home/jimmy/Documents/ns-allinone-3.13/ns-3.13/src/wifi/bindings/modulegen__gcc_LP64.py:9: UserWarning: exception TypeConfigurationError('direction not given',) in wrapper public: retval? ???::Read (params?);
  warnings.warn("exception %r in wrapper %s" % (exception, wrapper))
/home/jimmy/Documents/ns-allinone-3.13/ns-3.13/src/wifi/bindings/modulegen__gcc_LP64.py:9: UserWarning: exception TypeConfigurationError('direction not given',) in wrapper public: retval? ???::Write (params?);
  warnings.warn("exception %r in wrapper %s" % (exception, wrapper))
/home/jimmy/Documents/ns-allinone-3.13/ns-3.13/src/wifi/bindings/modulegen__gcc_LP64.py:9: UserWarning: exception TypeConfigurationError('Missing transfer_ownership option',) in wrapper public: retval? ???::Add (params?);
  warnings.warn("exception %r in wrapper %s" % (exception, wrapper))
/home/jimmy/Documents/ns-allinone-3.13/ns-3.13/src/wifi/bindings/modulegen__gcc_LP64.py:9: UserWarning: exception TypeConfigurationError('Missing transfer_ownership option',) in wrapper public: retval? ???::RequestAccess (params?);
  warnings.warn("exception %r in wrapper %s" % (exception, wrapper))
/home/jimmy/Documents/ns-allinone-3.13/ns-3.13/src/wifi/bindings/modulegen__gcc_LP64.py:9: UserWarning: exception TypeLookupError(['ns3::Ptr< ns3::EventImpl > &'],) in wrapper <pybindgen.cppmethod.CppConstructor object at 0x7ff2e9cd3890>
  warnings.warn("exception %r in wrapper %s" % (exception, wrapper))
/home/jimmy/Documents/ns-allinone-3.13/ns-3.13/src/wifi/bindings/modulegen__gcc_LP64.py:9: UserWarning: exception TypeConfigurationError('Either caller_owns_return or self.reference_existing_object must be given',) in wrapper public: retval? ???::PeekEventImpl (params?) const;
  warnings.warn("exception %r in wrapper %s" % (exception, wrapper))
/home/jimmy/Documents/ns-allinone-3.13/ns-3.13/src/wifi/bindings/modulegen__gcc_LP64.py:9: UserWarning: exception TypeLookupError(['ns3::Ptr< ns3::InterferenceHelper::Event >', 'ns3::InterferenceHelper::Event *'],) in wrapper public: retval? ???::Add (params?);
  warnings.warn("exception %r in wrapper %s" % (exception, wrapper))
/home/jimmy/Documents/ns-allinone-3.13/ns-3.13/src/wifi/bindings/modulegen__gcc_LP64.py:9: UserWarning: exception TypeLookupError(['ns3::Ptr< ns3::InterferenceHelper::Event >', 'ns3::InterferenceHelper::Event *'],) in wrapper public: retval? ???::CalculateSnrPer (params?);
  warnings.warn("exception %r in wrapper %s" % (exception, wrapper))
/home/jimmy/Documents/ns-allinone-3.13/ns-3.13/src/wifi/bindings/modulegen__gcc_LP64.py:9: UserWarning: exception TypeLookupError(['std::ostream &'],) in wrapper public: retval? ???::Print (params?) const;
  warnings.warn("exception %r in wrapper %s" % (exception, wrapper))
/home/jimmy/Documents/ns-allinone-3.13/ns-3.13/src/wifi/bindings/modulegen__gcc_LP64.py:9: UserWarning: exception TypeConfigurationError('direction not given',) in wrapper <pybindgen.cppmethod.CppConstructor object at 0x7ff2e9c5ba10>
  warnings.warn("exception %r in wrapper %s" % (exception, wrapper))
/home/jimmy/Documents/ns-allinone-3.13/ns-3.13/src/wifi/bindings/modulegen__gcc_LP64.py:9: UserWarning: exception TypeConfigurationError('direction not given',) in wrapper public: retval? ???::GetBytes (params?) const;
  warnings.warn("exception %r in wrapper %s" % (exception, wrapper))
/home/jimmy/Documents/ns-allinone-3.13/ns-3.13/src/wifi/bindings/modulegen__gcc_LP64.py:9: UserWarning: exception TypeConfigurationError('direction not given',) in wrapper public: retval? ???::Set (params?);
  warnings.warn("exception %r in wrapper %s" % (exception, wrapper))
/home/jimmy/Documents/ns-allinone-3.13/ns-3.13/src/wifi/bindings/modulegen__gcc_LP64.py:9: UserWarning: exception TypeConfigurationError('direction not given',) in wrapper <pybindgen.cppmethod.CppConstructor object at 0x7ff2e9b9fb10>
  warnings.warn("exception %r in wrapper %s" % (exception, wrapper))
/home/jimmy/Documents/ns-allinone-3.13/ns-3.13/src/wifi/bindings/modulegen__gcc_LP64.py:9: UserWarning: exception TypeLookupError(['__gnu_cxx::__normal_iterator< ns3::Ptr< ns3::NetDevice > const, std::vector< ns3::Ptr< ns3::NetDevice > > >'],) in wrapper public: retval? ???::Begin (params?) const;
  warnings.warn("exception %r in wrapper %s" % (exception, wrapper))
/home/jimmy/Documents/ns-allinone-3.13/ns-3.13/src/wifi/bindings/modulegen__gcc_LP64.py:9: UserWarning: exception TypeLookupError(['__gnu_cxx::__normal_iterator< ns3::Ptr< ns3::NetDevice > const, std::vector< ns3::Ptr< ns3::NetDevice > > >'],) in wrapper public: retval? ???::End (params?) const;
  warnings.warn("exception %r in wrapper %s" % (exception, wrapper))
/home/jimmy/Documents/ns-allinone-3.13/ns-3.13/src/wifi/bindings/modulegen__gcc_LP64.py:9: UserWarning: exception TypeLookupError(['__gnu_cxx::__normal_iterator< ns3::Ptr< ns3::Node > const, std::vector< ns3::Ptr< ns3::Node > > >'],) in wrapper public: retval? ???::Begin (params?) const;
  warnings.warn("exception %r in wrapper %s" % (exception, wrapper))
/home/jimmy/Documents/ns-allinone-3.13/ns-3.13/src/wifi/bindings/modulegen__gcc_LP64.py:9: UserWarning: exception TypeLookupError(['__gnu_cxx::__normal_iterator< ns3::Ptr< ns3::Node > const, std::vector< ns3::Ptr< ns3::Node > > >'],) in wrapper public: retval? ???::End (params?) const;
  warnings.warn("exception %r in wrapper %s" % (exception, wrapper))
/home/jimmy/Documents/ns-allinone-3.13/ns-3.13/src/wifi/bindings/modulegen__gcc_LP64.py:9: UserWarning: exception TypeConfigurationError('Missing transfer_ownership option',) in wrapper public: retval? ???::Delete (params?);
  warnings.warn("exception %r in wrapper %s" % (exception, wrapper))
/home/jimmy/Documents/ns-allinone-3.13/ns-3.13/src/wifi/bindings/modulegen__gcc_LP64.py:9: UserWarning: exception TypeLookupError(['uint8_t [ 20 ]'],) in wrapper None
  warnings.warn("exception %r in wrapper %s" % (exception, wrapper))
/home/jimmy/Documents/ns-allinone-3.13/ns-3.13/src/wifi/bindings/modulegen__gcc_LP64.py:9: UserWarning: exception TypeConfigurationError('Either caller_owns_return or self.reference_existing_object must be given',) in wrapper None
  warnings.warn("exception %r in wrapper %s" % (exception, wrapper))
/home/jimmy/Documents/ns-allinone-3.13/ns-3.13/src/wifi/bindings/modulegen__gcc_LP64.py:9: UserWarning: exception TypeLookupError(['uint32_t &'],) in wrapper public: retval? ???::Diff (params?);
  warnings.warn("exception %r in wrapper %s" % (exception, wrapper))
/home/jimmy/Documents/ns-allinone-3.13/ns-3.13/src/wifi/bindings/modulegen__gcc_LP64.py:9: UserWarning: exception TypeLookupError(['ns3::Ptr< ns3::SimulatorImpl >', 'ns3::SimulatorImpl *'],) in wrapper public: retval? ???::GetImplementation (params?);
  warnings.warn("exception %r in wrapper %s" % (exception, wrapper))
/home/jimmy/Documents/ns-allinone-3.13/ns-3.13/src/wifi/bindings/modulegen__gcc_LP64.py:9: UserWarning: exception TypeLookupError(['ns3::Ptr< ns3::SimulatorImpl >', 'ns3::SimulatorImpl *'],) in wrapper public: retval? ???::SetImplementation (params?);
  warnings.warn("exception %r in wrapper %s" % (exception, wrapper))
/home/jimmy/Documents/ns-allinone-3.13/ns-3.13/src/wifi/bindings/modulegen__gcc_LP64.py:9: UserWarning: exception TypeLookupError(['std::ostream &'],) in wrapper public: virtual retval? ???::Print (params?) const = 0;
  warnings.warn("exception %r in wrapper %s" % (exception, wrapper))
/home/jimmy/Documents/ns-allinone-3.13/ns-3.13/src/wifi/bindings/modulegen__gcc_LP64.py:9: UserWarning: exception TypeConfigurationError('direction not given',) in wrapper <pybindgen.cppmethod.CppConstructor object at 0x7ff2e98ab850>
  warnings.warn("exception %r in wrapper %s" % (exception, wrapper))
/home/jimmy/Documents/ns-allinone-3.13/ns-3.13/src/wifi/bindings/modulegen__gcc_LP64.py:9: UserWarning: exception TypeLookupError(['ns3::Callback< ns3::ObjectBase *, ns3::empty, ns3::empty, ns3::empty, ns3::empty, ns3::empty, ns3::empty, ns3::empty, ns3::empty, ns3::empty >'],) in wrapper public: retval? ???::GetConstructor (params?) const;
  warnings.warn("exception %r in wrapper %s" % (exception, wrapper))
/home/jimmy/Documents/ns-allinone-3.13/ns-3.13/src/wifi/bindings/modulegen__gcc_LP64.py:9: UserWarning: exception TypeConfigurationError('Missing transfer_ownership option',) in wrapper public: retval? ???::LookupAttributeByName (params?) const;
  warnings.warn("exception %r in wrapper %s" % (exception, wrapper))
/home/jimmy/Documents/ns-allinone-3.13/ns-3.13/src/wifi/bindings/modulegen__gcc_LP64.py:9: UserWarning: exception TypeLookupError(['short unsigned int'],) in wrapper None
  warnings.warn("exception %r in wrapper %s" % (exception, wrapper))
/home/jimmy/Documents/ns-allinone-3.13/ns-3.13/src/wifi/bindings/modulegen__gcc_LP64.py:9: UserWarning: exception TypeLookupError(['std::ostream &'],) in wrapper public: virtual retval? ???::Print (params?) const;
  warnings.warn("exception %r in wrapper %s" % (exception, wrapper))
/home/jimmy/Documents/ns-allinone-3.13/ns-3.13/src/wifi/bindings/modulegen__gcc_LP64.py:9: UserWarning: exception TypeLookupError(['std::pair< double, double >'],) in wrapper <pybindgen.cppmethod.CppConstructor object at 0x7ff2e94f0a50>
  warnings.warn("exception %r in wrapper %s" % (exception, wrapper))
/home/jimmy/Documents/ns-allinone-3.13/ns-3.13/src/wifi/bindings/modulegen__gcc_LP64.py:9: UserWarning: exception TypeLookupError(['std::pair< double, double >'],) in wrapper <pybindgen.cppmethod.CppConstructor object at 0x7ff2e94f0a90>
  warnings.warn("exception %r in wrapper %s" % (exception, wrapper))
/home/jimmy/Documents/ns-allinone-3.13/ns-3.13/src/wifi/bindings/modulegen__gcc_LP64.py:9: UserWarning: exception TypeLookupError(['ns3::Ptr< ns3::MobilityModel >', 'ns3::MobilityModel *'],) in wrapper public: virtual retval? ???::GetDelay (params?) const = 0;
  warnings.warn("exception %r in wrapper %s" % (exception, wrapper))
/home/jimmy/Documents/ns-allinone-3.13/ns-3.13/src/wifi/bindings/modulegen__gcc_LP64.py:9: UserWarning: exception TypeLookupError(['ns3::Ptr< ns3::MobilityModel >', 'ns3::MobilityModel *'],) in wrapper public: retval? ???::CalcRxPower (params?) const;
  warnings.warn("exception %r in wrapper %s" % (exception, wrapper))
/home/jimmy/Documents/ns-allinone-3.13/ns-3.13/src/wifi/bindings/modulegen__gcc_LP64.py:9: UserWarning: exception TypeLookupError(['ns3::Ptr< ns3::MobilityModel >', 'ns3::MobilityModel *'],) in wrapper private: virtual retval? ???::DoCalcRxPower (params?) const = 0;
  warnings.warn("exception %r in wrapper %s" % (exception, wrapper))
/home/jimmy/Documents/ns-allinone-3.13/ns-3.13/src/wifi/bindings/modulegen__gcc_LP64.py:9: UserWarning: exception TypeLookupError(['ns3::Ptr< ns3::MobilityModel >', 'ns3::MobilityModel *'],) in wrapper public: virtual retval? ???::GetDelay (params?) const;
  warnings.warn("exception %r in wrapper %s" % (exception, wrapper))
/home/jimmy/Documents/ns-allinone-3.13/ns-3.13/src/wifi/bindings/modulegen__gcc_LP64.py:9: UserWarning: exception TypeLookupError(['ns3::Ptr< ns3::MobilityModel >', 'ns3::MobilityModel *'],) in wrapper private: virtual retval? ???::DoCalcRxPower (params?) const;
  warnings.warn("exception %r in wrapper %s" % (exception, wrapper))
/home/jimmy/Documents/ns-allinone-3.13/ns-3.13/src/wifi/bindings/modulegen__gcc_LP64.py:9: UserWarning: exception TypeLookupError(['__gnu_cxx::__normal_iterator< ns3::Ptr< ns3::WifiInformationElement >, std::vector< ns3::Ptr< ns3::WifiInformationElement > > >'],) in wrapper public: retval? ???::Begin (params?);
  warnings.warn("exception %r in wrapper %s" % (exception, wrapper))
/home/jimmy/Documents/ns-allinone-3.13/ns-3.13/src/wifi/bindings/modulegen__gcc_LP64.py:9: UserWarning: exception TypeLookupError(['__gnu_cxx::__normal_iterator< ns3::Ptr< ns3::WifiInformationElement >, std::vector< ns3::Ptr< ns3::WifiInformationElement > > >'],) in wrapper public: retval? ???::End (params?);
  warnings.warn("exception %r in wrapper %s" % (exception, wrapper))
/home/jimmy/Documents/ns-allinone-3.13/ns-3.13/src/wifi/bindings/modulegen__gcc_LP64.py:9: UserWarning: exception TypeConfigurationError('Missing transfer_ownership option',) in wrapper public: retval? ???::Dequeue (params?);
  warnings.warn("exception %r in wrapper %s" % (exception, wrapper))
/home/jimmy/Documents/ns-allinone-3.13/ns-3.13/src/wifi/bindings/modulegen__gcc_LP64.py:9: UserWarning: exception TypeConfigurationError('Missing transfer_ownership option',) in wrapper public: retval? ???::DequeueByTidAndAddress (params?);
  warnings.warn("exception %r in wrapper %s" % (exception, wrapper))
/home/jimmy/Documents/ns-allinone-3.13/ns-3.13/src/wifi/bindings/modulegen__gcc_LP64.py:9: UserWarning: exception TypeConfigurationError('Missing transfer_ownership option',) in wrapper public: retval? ???::DequeueFirstAvailable (params?);
  warnings.warn("exception %r in wrapper %s" % (exception, wrapper))
/home/jimmy/Documents/ns-allinone-3.13/ns-3.13/src/wifi/bindings/modulegen__gcc_LP64.py:9: UserWarning: exception TypeConfigurationError('Missing transfer_ownership option',) in wrapper public: retval? ???::Peek (params?);
  warnings.warn("exception %r in wrapper %s" % (exception, wrapper))
/home/jimmy/Documents/ns-allinone-3.13/ns-3.13/src/wifi/bindings/modulegen__gcc_LP64.py:9: UserWarning: exception TypeConfigurationError('Missing transfer_ownership option',) in wrapper public: retval? ???::PeekByTidAndAddress (params?);
  warnings.warn("exception %r in wrapper %s" % (exception, wrapper))
/home/jimmy/Documents/ns-allinone-3.13/ns-3.13/src/wifi/bindings/modulegen__gcc_LP64.py:9: UserWarning: exception TypeConfigurationError('Missing transfer_ownership option',) in wrapper public: retval? ???::PeekFirstAvailable (params?);
  warnings.warn("exception %r in wrapper %s" % (exception, wrapper))
/home/jimmy/Documents/ns-allinone-3.13/ns-3.13/src/wifi/bindings/modulegen__gcc_LP64.py:9: UserWarning: exception TypeConfigurationError('Missing transfer_ownership option',) in wrapper public: virtual retval? ???::RegisterListener (params?) = 0;
  warnings.warn("exception %r in wrapper %s" % (exception, wrapper))
/home/jimmy/Documents/ns-allinone-3.13/ns-3.13/src/wifi/bindings/modulegen__gcc_LP64.py:9: UserWarning: exception TypeLookupError(['ns3::Callback< void, ns3::Ptr< ns3::Packet const >, double, ns3::empty, ns3::empty, ns3::empty, ns3::empty, ns3::empty, ns3::empty, ns3::empty >'],) in wrapper public: virtual retval? ???::SetReceiveErrorCallback (params?) = 0;
  warnings.warn("exception %r in wrapper %s" % (exception, wrapper))
/home/jimmy/Documents/ns-allinone-3.13/ns-3.13/src/wifi/bindings/modulegen__gcc_LP64.py:9: UserWarning: exception TypeLookupError(['ns3::Callback< void, ns3::Ptr< ns3::Packet >, double, ns3::WifiMode, ns3::WifiPreamble, ns3::empty, ns3::empty, ns3::empty, ns3::empty, ns3::empty >'],) in wrapper public: virtual retval? ???::SetReceiveOkCallback (params?) = 0;
  warnings.warn("exception %r in wrapper %s" % (exception, wrapper))
/home/jimmy/Documents/ns-allinone-3.13/ns-3.13/src/wifi/bindings/modulegen__gcc_LP64.py:9: UserWarning: exception TypeConfigurationError('Either caller_owns_return or self.reference_existing_object must be given',) in wrapper private: virtual retval? ???::DoCreateStation (params?) const = 0;
  warnings.warn("exception %r in wrapper %s" % (exception, wrapper))
/home/jimmy/Documents/ns-allinone-3.13/ns-3.13/src/wifi/bindings/modulegen__gcc_LP64.py:9: UserWarning: exception TypeConfigurationError('Missing transfer_ownership option',) in wrapper private: virtual retval? ???::DoGetDataMode (params?) = 0;
  warnings.warn("exception %r in wrapper %s" % (exception, wrapper))
/home/jimmy/Documents/ns-allinone-3.13/ns-3.13/src/wifi/bindings/modulegen__gcc_LP64.py:9: UserWarning: exception TypeConfigurationError('Missing transfer_ownership option',) in wrapper private: virtual retval? ???::DoGetRtsMode (params?) = 0;
  warnings.warn("exception %r in wrapper %s" % (exception, wrapper))
/home/jimmy/Documents/ns-allinone-3.13/ns-3.13/src/wifi/bindings/modulegen__gcc_LP64.py:9: UserWarning: exception TypeConfigurationError('Missing transfer_ownership option',) in wrapper private: virtual retval? ???::DoNeedDataRetransmission (params?);
  warnings.warn("exception %r in wrapper %s" % (exception, wrapper))
/home/jimmy/Documents/ns-allinone-3.13/ns-3.13/src/wifi/bindings/modulegen__gcc_LP64.py:9: UserWarning: exception TypeConfigurationError('Missing transfer_ownership option',) in wrapper private: virtual retval? ???::DoNeedFragmentation (params?);
  warnings.warn("exception %r in wrapper %s" % (exception, wrapper))
/home/jimmy/Documents/ns-allinone-3.13/ns-3.13/src/wifi/bindings/modulegen__gcc_LP64.py:9: UserWarning: exception TypeConfigurationError('Missing transfer_ownership option',) in wrapper private: virtual retval? ???::DoNeedRts (params?);
  warnings.warn("exception %r in wrapper %s" % (exception, wrapper))
/home/jimmy/Documents/ns-allinone-3.13/ns-3.13/src/wifi/bindings/modulegen__gcc_LP64.py:9: UserWarning: exception TypeConfigurationError('Missing transfer_ownership option',) in wrapper private: virtual retval? ???::DoNeedRtsRetransmission (params?);
  warnings.warn("exception %r in wrapper %s" % (exception, wrapper))
/home/jimmy/Documents/ns-allinone-3.13/ns-3.13/src/wifi/bindings/modulegen__gcc_LP64.py:9: UserWarning: exception TypeConfigurationError('Missing transfer_ownership option',) in wrapper private: virtual retval? ???::DoReportDataFailed (params?) = 0;
  warnings.warn("exception %r in wrapper %s" % (exception, wrapper))
/home/jimmy/Documents/ns-allinone-3.13/ns-3.13/src/wifi/bindings/modulegen__gcc_LP64.py:9: UserWarning: exception TypeConfigurationError('Missing transfer_ownership option',) in wrapper private: virtual retval? ???::DoReportDataOk (params?) = 0;
  warnings.warn("exception %r in wrapper %s" % (exception, wrapper))
/home/jimmy/Documents/ns-allinone-3.13/ns-3.13/src/wifi/bindings/modulegen__gcc_LP64.py:9: UserWarning: exception TypeConfigurationError('Missing transfer_ownership option',) in wrapper private: virtual retval? ???::DoReportFinalDataFailed (params?) = 0;
  warnings.warn("exception %r in wrapper %s" % (exception, wrapper))
/home/jimmy/Documents/ns-allinone-3.13/ns-3.13/src/wifi/bindings/modulegen__gcc_LP64.py:9: UserWarning: exception TypeConfigurationError('Missing transfer_ownership option',) in wrapper private: virtual retval? ???::DoReportFinalRtsFailed (params?) = 0;
  warnings.warn("exception %r in wrapper %s" % (exception, wrapper))
/home/jimmy/Documents/ns-allinone-3.13/ns-3.13/src/wifi/bindings/modulegen__gcc_LP64.py:9: UserWarning: exception TypeConfigurationError('Missing transfer_ownership option',) in wrapper private: virtual retval? ???::DoReportRtsFailed (params?) = 0;
  warnings.warn("exception %r in wrapper %s" % (exception, wrapper))
/home/jimmy/Documents/ns-allinone-3.13/ns-3.13/src/wifi/bindings/modulegen__gcc_LP64.py:9: UserWarning: exception TypeConfigurationError('Missing transfer_ownership option',) in wrapper private: virtual retval? ???::DoReportRtsOk (params?) = 0;
  warnings.warn("exception %r in wrapper %s" % (exception, wrapper))
/home/jimmy/Documents/ns-allinone-3.13/ns-3.13/src/wifi/bindings/modulegen__gcc_LP64.py:9: UserWarning: exception TypeConfigurationError('Missing transfer_ownership option',) in wrapper private: virtual retval? ???::DoReportRxOk (params?) = 0;
  warnings.warn("exception %r in wrapper %s" % (exception, wrapper))
/home/jimmy/Documents/ns-allinone-3.13/ns-3.13/src/wifi/bindings/modulegen__gcc_LP64.py:9: UserWarning: exception TypeLookupError(['ns3::Callback< void, ns3::Ptr< ns3::Packet >, double, ns3::WifiMode, ns3::WifiPreamble, ns3::empty, ns3::empty, ns3::empty, ns3::empty, ns3::empty >'],) in wrapper public: virtual retval? ???::SetReceiveOkCallback (params?);
  warnings.warn("exception %r in wrapper %s" % (exception, wrapper))
/home/jimmy/Documents/ns-allinone-3.13/ns-3.13/src/wifi/bindings/modulegen__gcc_LP64.py:9: UserWarning: exception TypeLookupError(['ns3::Callback< void, ns3::Ptr< ns3::Packet const >, double, ns3::empty, ns3::empty, ns3::empty, ns3::empty, ns3::empty, ns3::empty, ns3::empty >'],) in wrapper public: virtual retval? ???::SetReceiveErrorCallback (params?);
  warnings.warn("exception %r in wrapper %s" % (exception, wrapper))
/home/jimmy/Documents/ns-allinone-3.13/ns-3.13/src/wifi/bindings/modulegen__gcc_LP64.py:9: UserWarning: exception TypeConfigurationError('Missing transfer_ownership option',) in wrapper public: virtual retval? ???::RegisterListener (params?);
  warnings.warn("exception %r in wrapper %s" % (exception, wrapper))
/home/jimmy/Documents/ns-allinone-3.13/ns-3.13/src/wifi/bindings/modulegen__gcc_LP64.py:9: UserWarning: exception TypeConfigurationError('Either caller_owns_return or self.reference_existing_object must be given',) in wrapper private: virtual retval? ???::DoCreateStation (params?) const;
  warnings.warn("exception %r in wrapper %s" % (exception, wrapper))
/home/jimmy/Documents/ns-allinone-3.13/ns-3.13/src/wifi/bindings/modulegen__gcc_LP64.py:9: UserWarning: exception TypeConfigurationError('Missing transfer_ownership option',) in wrapper private: virtual retval? ???::DoGetDataMode (params?);
  warnings.warn("exception %r in wrapper %s" % (exception, wrapper))
/home/jimmy/Documents/ns-allinone-3.13/ns-3.13/src/wifi/bindings/modulegen__gcc_LP64.py:9: UserWarning: exception TypeConfigurationError('Missing transfer_ownership option',) in wrapper private: virtual retval? ???::DoGetRtsMode (params?);
  warnings.warn("exception %r in wrapper %s" % (exception, wrapper))
/home/jimmy/Documents/ns-allinone-3.13/ns-3.13/src/wifi/bindings/modulegen__gcc_LP64.py:9: UserWarning: exception TypeConfigurationError('Missing transfer_ownership option',) in wrapper private: virtual retval? ???::DoReportDataFailed (params?);
  warnings.warn("exception %r in wrapper %s" % (exception, wrapper))
/home/jimmy/Documents/ns-allinone-3.13/ns-3.13/src/wifi/bindings/modulegen__gcc_LP64.py:9: UserWarning: exception TypeConfigurationError('Missing transfer_ownership option',) in wrapper private: virtual retval? ???::DoReportDataOk (params?);
  warnings.warn("exception %r in wrapper %s" % (exception, wrapper))
/home/jimmy/Documents/ns-allinone-3.13/ns-3.13/src/wifi/bindings/modulegen__gcc_LP64.py:9: UserWarning: exception TypeConfigurationError('Missing transfer_ownership option',) in wrapper private: virtual retval? ???::DoReportFinalDataFailed (params?);
  warnings.warn("exception %r in wrapper %s" % (exception, wrapper))
/home/jimmy/Documents/ns-allinone-3.13/ns-3.13/src/wifi/bindings/modulegen__gcc_LP64.py:9: UserWarning: exception TypeConfigurationError('Missing transfer_ownership option',) in wrapper private: virtual retval? ???::DoReportFinalRtsFailed (params?);
  warnings.warn("exception %r in wrapper %s" % (exception, wrapper))
/home/jimmy/Documents/ns-allinone-3.13/ns-3.13/src/wifi/bindings/modulegen__gcc_LP64.py:9: UserWarning: exception TypeConfigurationError('Missing transfer_ownership option',) in wrapper private: virtual retval? ???::DoReportRtsFailed (params?);
  warnings.warn("exception %r in wrapper %s" % (exception, wrapper))
/home/jimmy/Documents/ns-allinone-3.13/ns-3.13/src/wifi/bindings/modulegen__gcc_LP64.py:9: UserWarning: exception TypeConfigurationError('Missing transfer_ownership option',) in wrapper private: virtual retval? ???::DoReportRtsOk (params?);
  warnings.warn("exception %r in wrapper %s" % (exception, wrapper))
/home/jimmy/Documents/ns-allinone-3.13/ns-3.13/src/wifi/bindings/modulegen__gcc_LP64.py:9: UserWarning: exception TypeConfigurationError('Missing transfer_ownership option',) in wrapper private: virtual retval? ???::DoReportRxOk (params?);
  warnings.warn("exception %r in wrapper %s" % (exception, wrapper))
/home/jimmy/Documents/ns-allinone-3.13/ns-3.13/src/wifi/bindings/modulegen__gcc_LP64.py:9: UserWarning: exception TypeLookupError(['ns3::Ptr< ns3::MobilityModel >', 'ns3::MobilityModel *'],) in wrapper public: retval? ???::GetLoss (params?) const;
  warnings.warn("exception %r in wrapper %s" % (exception, wrapper))
/home/jimmy/Documents/ns-allinone-3.13/ns-3.13/src/wifi/bindings/modulegen__gcc_LP64.py:9: UserWarning: exception TypeLookupError(['uint16_t *'],) in wrapper public: retval? ???::GetBitmap (params?) const;
  warnings.warn("exception %r in wrapper %s" % (exception, wrapper))
/home/jimmy/Documents/ns-allinone-3.13/ns-3.13/src/wifi/bindings/modulegen__gcc_LP64.py:9: UserWarning: exception TypeConfigurationError('Missing transfer_ownership option',) in wrapper public: retval? ???::SetManager (params?);
  warnings.warn("exception %r in wrapper %s" % (exception, wrapper))
/home/jimmy/Documents/ns-allinone-3.13/ns-3.13/src/wifi/bindings/modulegen__gcc_LP64.py:9: UserWarning: exception TypeConfigurationError('Missing transfer_ownership option',) in wrapper public: retval? ???::GetFragmentPacket (params?);
  warnings.warn("exception %r in wrapper %s" % (exception, wrapper))
/home/jimmy/Documents/ns-allinone-3.13/ns-3.13/src/wifi/bindings/modulegen__gcc_LP64.py:9: UserWarning: exception TypeConfigurationError('Missing transfer_ownership option',) in wrapper <pybindgen.cppmethod.CppConstructor object at 0x7ff2e8bb7050>
  warnings.warn("exception %r in wrapper %s" % (exception, wrapper))
/home/jimmy/Documents/ns-allinone-3.13/ns-3.13/src/wifi/bindings/modulegen__gcc_LP64.py:9: UserWarning: exception TypeConfigurationError('Missing transfer_ownership option',) in wrapper public: retval? ???::RegisterBlockAckListenerForAc (params?);
  warnings.warn("exception %r in wrapper %s" % (exception, wrapper))
/home/jimmy/Documents/ns-allinone-3.13/ns-3.13/src/wifi/bindings/modulegen__gcc_LP64.py:9: UserWarning: exception TypeConfigurationError('Missing transfer_ownership option',) in wrapper public: retval? ???::RegisterDcfListener (params?);
  warnings.warn("exception %r in wrapper %s" % (exception, wrapper))
/home/jimmy/Documents/ns-allinone-3.13/ns-3.13/src/wifi/bindings/modulegen__gcc_LP64.py:9: UserWarning: exception TypeConfigurationError('Missing transfer_ownership option',) in wrapper public: retval? ???::StartTransmission (params?);
  warnings.warn("exception %r in wrapper %s" % (exception, wrapper))
/home/jimmy/Documents/ns-allinone-3.13/ns-3.13/src/wifi/bindings/modulegen__gcc_LP64.py:9: UserWarning: exception TypeLookupError(['ns3::Ptr< ns3::MobilityModel >', 'ns3::MobilityModel *'],) in wrapper public: retval? ???::SetLoss (params?);
  warnings.warn("exception %r in wrapper %s" % (exception, wrapper))
/home/jimmy/Documents/ns-allinone-3.13/ns-3.13/src/wifi/bindings/modulegen__gcc_LP64.py:9: UserWarning: exception TypeLookupError(['std::list< std::pair< ns3::Ptr< ns3::Packet >, ns3::AmsduSubframeHeader > >'],) in wrapper public: retval? ???::Deaggregate (params?);
  warnings.warn("exception %r in wrapper %s" % (exception, wrapper))
/home/jimmy/Documents/ns-allinone-3.13/ns-3.13/src/wifi/bindings/modulegen__gcc_LP64.py:9: UserWarning: exception TypeLookupError(['ns3::Ptr< ns3::Application >', 'ns3::Application *'],) in wrapper public: retval? ???::AddApplication (params?);
  warnings.warn("exception %r in wrapper %s" % (exception, wrapper))
/home/jimmy/Documents/ns-allinone-3.13/ns-3.13/src/wifi/bindings/modulegen__gcc_LP64.py:9: UserWarning: exception TypeLookupError(['ns3::Ptr< ns3::Application >', 'ns3::Application *'],) in wrapper public: retval? ???::GetApplication (params?) const;
  warnings.warn("exception %r in wrapper %s" % (exception, wrapper))
/home/jimmy/Documents/ns-allinone-3.13/ns-3.13/src/wifi/bindings/modulegen__gcc_LP64.py:9: UserWarning: exception TypeLookupError(['ns3::Callback< void, ns3::Ptr< ns3::NetDevice >, ns3::empty, ns3::empty, ns3::empty, ns3::empty, ns3::empty, ns3::empty, ns3::empty, ns3::empty >'],) in wrapper public: retval? ???::RegisterDeviceAdditionListener (params?);
  warnings.warn("exception %r in wrapper %s" % (exception, wrapper))
/home/jimmy/Documents/ns-allinone-3.13/ns-3.13/src/wifi/bindings/modulegen__gcc_LP64.py:9: UserWarning: exception TypeLookupError(['ns3::Callback< void, ns3::Ptr< ns3::NetDevice >, ns3::empty, ns3::empty, ns3::empty, ns3::empty, ns3::empty, ns3::empty, ns3::empty, ns3::empty >'],) in wrapper public: retval? ???::UnregisterDeviceAdditionListener (params?);
  warnings.warn("exception %r in wrapper %s" % (exception, wrapper))
/home/jimmy/Documents/ns-allinone-3.13/ns-3.13/src/wifi/bindings/modulegen__gcc_LP64.py:9: UserWarning: exception TypeLookupError(['std::ostream *'],) in wrapper <pybindgen.cppmethod.CppConstructor object at 0x7ff2e88fc550>
  warnings.warn("exception %r in wrapper %s" % (exception, wrapper))
/home/jimmy/Documents/ns-allinone-3.13/ns-3.13/src/wifi/bindings/modulegen__gcc_LP64.py:9: UserWarning: exception TypeLookupError(['std::ostream *'],) in wrapper public: retval? ???::GetStream (params?);
  warnings.warn("exception %r in wrapper %s" % (exception, wrapper))
/home/jimmy/Documents/ns-allinone-3.13/ns-3.13/src/wifi/bindings/modulegen__gcc_LP64.py:9: UserWarning: exception TypeConfigurationError('direction not given',) in wrapper <pybindgen.cppmethod.CppConstructor object at 0x7ff2e89073d0>
  warnings.warn("exception %r in wrapper %s" % (exception, wrapper))
/home/jimmy/Documents/ns-allinone-3.13/ns-3.13/src/wifi/bindings/modulegen__gcc_LP64.py:9: UserWarning: exception TypeConfigurationError('direction not given',) in wrapper <pybindgen.cppmethod.CppConstructor object at 0x7ff2e8907410>
  warnings.warn("exception %r in wrapper %s" % (exception, wrapper))
/home/jimmy/Documents/ns-allinone-3.13/ns-3.13/src/wifi/bindings/modulegen__gcc_LP64.py:9: UserWarning: exception TypeLookupError(['std::ostream &'],) in wrapper public: retval? ???::PrintByteTags (params?) const;
  warnings.warn("exception %r in wrapper %s" % (exception, wrapper))
/home/jimmy/Documents/ns-allinone-3.13/ns-3.13/src/wifi/bindings/modulegen__gcc_LP64.py:9: UserWarning: exception TypeLookupError(['std::ostream &'],) in wrapper public: retval? ???::PrintPacketTags (params?) const;
  warnings.warn("exception %r in wrapper %s" % (exception, wrapper))
/home/jimmy/Documents/ns-allinone-3.13/pybindgen-0.15.0.795/pybindgen/cppclass_typehandlers.py:1134: UserWarning: Returning shared pointers is dangerous!  The C++ API should be redesigned to avoid this situation.
  warnings.warn("Returning shared pointers is dangerous!"
/home/jimmy/Documents/ns-allinone-3.13/ns-3.13/src/wifi/bindings/modulegen__gcc_LP64.py:9: UserWarning: exception NotSupportedError('Reverse wrappers for ns3::Callback<...> types (python using callbacks defined in C++) not implemented.',) in wrapper public: virtual void ns3::WifiMac::SetForwardUpCallback (ns3::Callback< void, ns3::Ptr< ns3::Packet >, ns3::Mac48Address, ns3::Mac48Address, ns3::empty, ns3::empty, ns3::empty, ns3::empty, ns3::empty, ns3::empty > upCallback) = 0;
  warnings.warn("exception %r in wrapper %s" % (exception, wrapper))
/home/jimmy/Documents/ns-allinone-3.13/ns-3.13/src/wifi/bindings/modulegen__gcc_LP64.py:9: UserWarning: exception NotSupportedError('Reverse wrappers for ns3::Callback<...> types (python using callbacks defined in C++) not implemented.',) in wrapper public: virtual void ns3::RegularWifiMac::SetForwardUpCallback (ns3::Callback< void, ns3::Ptr< ns3::Packet >, ns3::Mac48Address, ns3::Mac48Address, ns3::empty, ns3::empty, ns3::empty, ns3::empty, ns3::empty, ns3::empty > upCallback);
  warnings.warn("exception %r in wrapper %s" % (exception, wrapper))
/home/jimmy/Documents/ns-allinone-3.13/ns-3.13/src/wifi/bindings/modulegen__gcc_LP64.py:9: UserWarning: exception NotSupportedError('Reverse wrappers for ns3::Callback<...> types (python using callbacks defined in C++) not implemented.',) in wrapper public: virtual void ns3::RegularWifiMac::SetLinkUpCallback (ns3::Callback< void, ns3::empty, ns3::empty, ns3::empty, ns3::empty, ns3::empty, ns3::empty, ns3::empty, ns3::empty, ns3::empty > linkUp);
  warnings.warn("exception %r in wrapper %s" % (exception, wrapper))
/home/jimmy/Documents/ns-allinone-3.13/ns-3.13/src/wifi/bindings/modulegen__gcc_LP64.py:9: UserWarning: exception NotSupportedError('Reverse wrappers for ns3::Callback<...> types (python using callbacks defined in C++) not implemented.',) in wrapper public: virtual void ns3::RegularWifiMac::SetLinkDownCallback (ns3::Callback< void, ns3::empty, ns3::empty, ns3::empty, ns3::empty, ns3::empty, ns3::empty, ns3::empty, ns3::empty, ns3::empty > linkDown);
  warnings.warn("exception %r in wrapper %s" % (exception, wrapper))
/home/jimmy/Documents/ns-allinone-3.13/ns-3.13/src/wifi/bindings/modulegen__gcc_LP64.py:9: UserWarning: exception NotSupportedError('Reverse wrappers for ns3::Callback<...> types (python using callbacks defined in C++) not implemented.',) in wrapper public: virtual void ns3::WifiNetDevice::AddLinkChangeCallback (ns3::Callback< void, ns3::empty, ns3::empty, ns3::empty, ns3::empty, ns3::empty, ns3::empty, ns3::empty, ns3::empty, ns3::empty > callback);
  warnings.warn("exception %r in wrapper %s" % (exception, wrapper))
/home/jimmy/Documents/ns-allinone-3.13/ns-3.13/src/wifi/bindings/modulegen__gcc_LP64.py:9: UserWarning: exception NotSupportedError('Reverse wrappers for ns3::Callback<...> types (python using callbacks defined in C++) not implemented.',) in wrapper public: virtual void ns3::WifiNetDevice::SetPromiscReceiveCallback (ns3::Callback< bool, ns3::Ptr< ns3::NetDevice >, ns3::Ptr< ns3::Packet const >, unsigned short, ns3::Address const &, ns3::Address const &, ns3::NetDevice::PacketType, ns3::empty, ns3::empty, ns3::empty > cb);
  warnings.warn("exception %r in wrapper %s" % (exception, wrapper))
/home/jimmy/Documents/ns-allinone-3.13/ns-3.13/src/wifi/bindings/modulegen__gcc_LP64.py:9: UserWarning: exception NotSupportedError('Reverse wrappers for ns3::Callback<...> types (python using callbacks defined in C++) not implemented.',) in wrapper public: virtual void ns3::WifiNetDevice::SetReceiveCallback (ns3::Callback< bool, ns3::Ptr< ns3::NetDevice >, ns3::Ptr< ns3::Packet const >, unsigned short, ns3::Address const &, ns3::empty, ns3::empty, ns3::empty, ns3::empty, ns3::empty > cb);
  warnings.warn("exception %r in wrapper %s" % (exception, wrapper))
/home/jimmy/Documents/ns-allinone-3.13/ns-3.13/src/wifi/bindings/modulegen__gcc_LP64.py:9: UserWarning: exception NotSupportedError('Reverse wrappers for ns3::Callback<...> types (python using callbacks defined in C++) not implemented.',) in wrapper public: virtual void ns3::AdhocWifiMac::SetLinkUpCallback (ns3::Callback< void, ns3::empty, ns3::empty, ns3::empty, ns3::empty, ns3::empty, ns3::empty, ns3::empty, ns3::empty, ns3::empty > linkUp);
  warnings.warn("exception %r in wrapper %s" % (exception, wrapper))
/home/jimmy/Documents/ns-allinone-3.13/ns-3.13/src/wifi/bindings/modulegen__gcc_LP64.py:9: UserWarning: exception NotSupportedError('Reverse wrappers for ns3::Callback<...> types (python using callbacks defined in C++) not implemented.',) in wrapper public: virtual void ns3::ApWifiMac::SetLinkUpCallback (ns3::Callback< void, ns3::empty, ns3::empty, ns3::empty, ns3::empty, ns3::empty, ns3::empty, ns3::empty, ns3::empty, ns3::empty > linkUp);
  warnings.warn("exception %r in wrapper %s" % (exception, wrapper))
/home/jimmy/Documents/ns-allinone-3.13/ns-3.13/src/wifi/bindings/modulegen__gcc_LP64.py:9: UserWarning: exception CodeGenerationError('ns3::DcfState cannot be constructed (class has pure virtual methods)',) in wrapper <pybindgen.CppClass 'ns3::DcfState'>
  warnings.warn("exception %r in wrapper %s" % (exception, wrapper))
/home/jimmy/Documents/ns-allinone-3.13/ns-3.13/src/wifi/bindings/modulegen__gcc_LP64.py:9: UserWarning: exception CodeGenerationError('ns3::MacLowBlockAckEventListener cannot be constructed (class has pure virtual methods)',) in wrapper <pybindgen.CppClass 'ns3::MacLowBlockAckEventListener'>
  warnings.warn("exception %r in wrapper %s" % (exception, wrapper))
/home/jimmy/Documents/ns-allinone-3.13/ns-3.13/src/wifi/bindings/modulegen__gcc_LP64.py:9: UserWarning: exception CodeGenerationError('ns3::MacLowDcfListener cannot be constructed (class has pure virtual methods)',) in wrapper <pybindgen.CppClass 'ns3::MacLowDcfListener'>
  warnings.warn("exception %r in wrapper %s" % (exception, wrapper))
/home/jimmy/Documents/ns-allinone-3.13/ns-3.13/src/wifi/bindings/modulegen__gcc_LP64.py:9: UserWarning: exception CodeGenerationError('ns3::MacLowTransmissionListener cannot be constructed (class has pure virtual methods)',) in wrapper <pybindgen.CppClass 'ns3::MacLowTransmissionListener'>
  warnings.warn("exception %r in wrapper %s" % (exception, wrapper))
/home/jimmy/Documents/ns-allinone-3.13/ns-3.13/src/wifi/bindings/modulegen__gcc_LP64.py:9: UserWarning: exception CodeGenerationError('ns3::WifiMacHelper cannot be constructed (class has pure virtual methods)',) in wrapper <pybindgen.CppClass 'ns3::WifiMacHelper'>
  warnings.warn("exception %r in wrapper %s" % (exception, wrapper))
/home/jimmy/Documents/ns-allinone-3.13/ns-3.13/src/wifi/bindings/modulegen__gcc_LP64.py:9: UserWarning: exception CodeGenerationError('ns3::WifiPhyHelper cannot be constructed (class has pure virtual methods)',) in wrapper <pybindgen.CppClass 'ns3::WifiPhyHelper'>
  warnings.warn("exception %r in wrapper %s" % (exception, wrapper))
/home/jimmy/Documents/ns-allinone-3.13/ns-3.13/src/wifi/bindings/modulegen__gcc_LP64.py:9: UserWarning: exception CodeGenerationError('ns3::WifiPhyListener cannot be constructed (class has pure virtual methods)',) in wrapper <pybindgen.CppClass 'ns3::WifiPhyListener'>
  warnings.warn("exception %r in wrapper %s" % (exception, wrapper))
/home/jimmy/Documents/ns-allinone-3.13/ns-3.13/src/wifi/bindings/modulegen__gcc_LP64.py:9: UserWarning: exception CodeGenerationError('ns3::WifiInformationElement cannot be constructed (have pure virtual methods but no helper class)',) in wrapper <pybindgen.CppClass 'ns3::WifiInformationElement'>
  warnings.warn("exception %r in wrapper %s" % (exception, wrapper))
/home/jimmy/Documents/ns-allinone-3.13/ns-3.13/src/wifi/bindings/modulegen__gcc_LP64.py:9: UserWarning: exception CodeGenerationError('ns3::WifiMac cannot be constructed (have pure virtual methods but no helper class)',) in wrapper <pybindgen.CppClass 'ns3::WifiMac'>
  warnings.warn("exception %r in wrapper %s" % (exception, wrapper))
/home/jimmy/Documents/ns-allinone-3.13/ns-3.13/src/wifi/bindings/modulegen__gcc_LP64.py:9: UserWarning: exception CodeGenerationError('ns3::WifiPhy cannot be constructed (have pure virtual methods but no helper class)',) in wrapper <pybindgen.CppClass 'ns3::WifiPhy'>
  warnings.warn("exception %r in wrapper %s" % (exception, wrapper))
/home/jimmy/Documents/ns-allinone-3.13/ns-3.13/src/wifi/bindings/modulegen__gcc_LP64.py:9: UserWarning: exception CodeGenerationError('ns3::WifiRemoteStationManager cannot be constructed (have pure virtual methods but no helper class)',) in wrapper <pybindgen.CppClass 'ns3::WifiRemoteStationManager'>
  warnings.warn("exception %r in wrapper %s" % (exception, wrapper))
/home/jimmy/Documents/ns-allinone-3.13/ns-3.13/src/wifi/bindings/modulegen__gcc_LP64.py:9: UserWarning: exception CodeGenerationError('ns3::Dcf cannot be constructed (class has pure virtual methods)',) in wrapper <pybindgen.CppClass 'ns3::Dcf'>
  warnings.warn("exception %r in wrapper %s" % (exception, wrapper))
/home/jimmy/Documents/ns-allinone-3.13/ns-3.13/src/wifi/bindings/modulegen__gcc_LP64.py:9: UserWarning: exception CodeGenerationError('ns3::ErrorRateModel cannot be constructed (class has pure virtual methods)',) in wrapper <pybindgen.CppClass 'ns3::ErrorRateModel'>
  warnings.warn("exception %r in wrapper %s" % (exception, wrapper))
/home/jimmy/Documents/ns-allinone-3.13/ns-3.13/src/wifi/bindings/modulegen__gcc_LP64.py:9: UserWarning: exception CodeGenerationError('ns3::MsduAggregator cannot be constructed (class has pure virtual methods)',) in wrapper <pybindgen.CppClass 'ns3::MsduAggregator'>
  warnings.warn("exception %r in wrapper %s" % (exception, wrapper))
/home/jimmy/Documents/ns-allinone-3.13/ns-3.13/src/wifi/bindings/modulegen__gcc_LP64.py:9: UserWarning: exception CodeGenerationError('ns3::SsidChecker cannot be constructed (have pure virtual methods but no helper class)',) in wrapper <pybindgen.CppClass 'ns3::SsidChecker'>
  warnings.warn("exception %r in wrapper %s" % (exception, wrapper))
/home/jimmy/Documents/ns-allinone-3.13/ns-3.13/src/wifi/bindings/modulegen__gcc_LP64.py:9: UserWarning: exception CodeGenerationError('ns3::WifiChannel cannot be constructed (have pure virtual methods but no helper class)',) in wrapper <pybindgen.CppClass 'ns3::WifiChannel'>
  warnings.warn("exception %r in wrapper %s" % (exception, wrapper))
/home/jimmy/Documents/ns-allinone-3.13/ns-3.13/src/wifi/bindings/modulegen__gcc_LP64.py:9: UserWarning: exception CodeGenerationError('ns3::WifiModeChecker cannot be constructed (have pure virtual methods but no helper class)',) in wrapper <pybindgen.CppClass 'ns3::WifiModeChecker'>
  warnings.warn("exception %r in wrapper %s" % (exception, wrapper))
